[01:38:31] === Neiry LAN узел -> головной 192.168.1.34:9003 (TCP JSON, контракт художницы) ===
[01:38:31] ищу нейробенд (Bluetooth)...
[01:39:02] бенд не найден — повтор через 5с
[01:39:07] ищу нейробенд (Bluetooth)...
[01:39:38] бенд не найден — повтор через 5с
[01:39:43] ищу нейробенд (Bluetooth)...
[01:40:14] бенд не найден — повтор через 5с
[01:40:19] ищу нейробенд (Bluetooth)...
[01:40:50] бенд не найден — повтор через 5с
[01:40:55] ищу нейробенд (Bluetooth)...
[01:41:26] бенд не найден — повтор через 5с
[01:41:31] ищу нейробенд (Bluetooth)...
[01:42:03] бенд не найден — повтор через 5с
[01:42:08] ищу нейробенд (Bluetooth)...
[01:42:39] бенд не найден — повтор через 5с
[01:42:44] ищу нейробенд (Bluetooth)...
[01:43:15] бенд не найден — повтор через 5с
[01:43:20] ищу нейробенд (Bluetooth)...
[01:43:51] бенд не найден — повтор через 5с
[01:43:56] ищу нейробенд (Bluetooth)...
[01:44:27] бенд не найден — повтор через 5с
[01:44:32] ищу нейробенд (Bluetooth)...
[01:45:03] бенд не найден — повтор через 5с
[01:45:08] ищу нейробенд (Bluetooth)...
[01:45:39] бенд не найден — повтор через 5с
[01:45:44] ищу нейробенд (Bluetooth)...
[01:46:15] бенд не найден — повтор через 5с
[01:46:20] ищу нейробенд (Bluetooth)...
[01:46:51] бенд не найден — повтор через 5с
[01:46:56] ищу нейробенд (Bluetooth)...
[01:47:27] бенд не найден — повтор через 5с
[01:47:32] ищу нейробенд (Bluetooth)...
[01:48:03] бенд не найден — повтор через 5с
[01:48:08] ищу нейробенд (Bluetooth)...
[01:48:39] бенд не найден — повтор через 5с
[01:48:44] ищу нейробенд (Bluetooth)...
[01:49:15] бенд не найден — повтор через 5с
[01:49:20] ищу нейробенд (Bluetooth)...
[01:49:52] бенд не найден — повтор через 5с
[01:49:57] ищу нейробенд (Bluetooth)...
[01:50:28] бенд не найден — повтор через 5с
[01:50:33] ищу нейробенд (Bluetooth)...
[01:51:04] бенд не найден — повтор через 5с
[01:51:09] ищу нейробенд (Bluetooth)...
[01:51:40] бенд не найден — повтор через 5с
[01:51:45] ищу нейробенд (Bluetooth)...
[01:52:16] бенд не найден — повтор через 5с
[01:52:21] ищу нейробенд (Bluetooth)...
[01:52:52] бенд не найден — повтор через 5с
[01:52:57] ищу нейробенд (Bluetooth)...
[01:53:28] бенд не найден — повтор через 5с
[01:53:33] ищу нейробенд (Bluetooth)...
[01:54:04] бенд не найден — повтор через 5с
[01:54:09] ищу нейробенд (Bluetooth)...
[01:54:40] бенд не найден — повтор через 5с
[01:54:45] ищу нейробенд (Bluetooth)...
[01:55:16] бенд не найден — повтор через 5с
[01:55:21] ищу нейробенд (Bluetooth)...
[01:55:52] бенд не найден — повтор через 5с
[01:55:57] ищу нейробенд (Bluetooth)...
[01:56:28] бенд не найден — повтор через 5с
[01:56:34] ищу нейробенд (Bluetooth)...
[01:57:05] бенд не найден — повтор через 5с
[01:57:10] ищу нейробенд (Bluetooth)...
[01:57:41] бенд не найден — повтор через 5с
[01:57:46] ищу нейробенд (Bluetooth)...
[01:58:17] бенд не найден — повтор через 5с
[01:58:22] ищу нейробенд (Bluetooth)...
[01:58:53] бенд не найден — повтор через 5с
[01:58:58] ищу нейробенд (Bluetooth)...
[01:59:29] бенд не найден — повтор через 5с
[01:59:34] ищу нейробенд (Bluetooth)...
[02:00:05] бенд не найден — повтор через 5с
[02:00:10] ищу нейробенд (Bluetooth)...
[02:00:41] бенд не найден — повтор через 5с
[02:00:46] ищу нейробенд (Bluetooth)...
[02:01:17] бенд не найден — повтор через 5с
[02:01:22] ищу нейробенд (Bluetooth)...
[02:01:53] бенд не найден — повтор через 5с
[02:01:58] ищу нейробенд (Bluetooth)...
[02:02:29] бенд не найден — повтор через 5с
[02:02:34] ищу нейробенд (Bluetooth)...
[02:03:05] бенд не найден — повтор через 5с
[02:03:10] ищу нейробенд (Bluetooth)...
[02:03:41] бенд не найден — повтор через 5с
[02:03:46] ищу нейробенд (Bluetooth)...
[02:04:17] бенд не найден — повтор через 5с
[02:04:23] ищу нейробенд (Bluetooth)...
[02:04:54] бенд не найден — повтор через 5с
[02:04:59] ищу нейробенд (Bluetooth)...
[02:05:30] бенд не найден — повтор через 5с
[02:05:35] ищу нейробенд (Bluetooth)...
[02:06:06] бенд не найден — повтор через 5с
[02:06:11] ищу нейробенд (Bluetooth)...
[02:06:42] бенд не найден — повтор через 5с
[02:06:47] ищу нейробенд (Bluetooth)...
[02:07:18] бенд не найден — повтор через 5с
[02:07:23] ищу нейробенд (Bluetooth)...
[02:07:54] бенд не найден — повтор через 5с
[02:07:59] ищу нейробенд (Bluetooth)...
[02:08:30] бенд не найден — повтор через 5с
[02:08:35] ищу нейробенд (Bluetooth)...
[02:09:06] бенд не найден — повтор через 5с
[02:09:11] ищу нейробенд (Bluetooth)...
[02:09:42] бенд не найден — повтор через 5с
[02:09:47] ищу нейробенд (Bluetooth)...
[02:10:18] бенд не найден — повтор через 5с
[02:10:23] ищу нейробенд (Bluetooth)...
[02:10:54] бенд не найден — повтор через 5с
[02:10:59] ищу нейробенд (Bluetooth)...
[02:11:30] бенд не найден — повтор через 5с
[02:11:35] ищу нейробенд (Bluetooth)...
[02:12:07] бенд не найден — повтор через 5с
[02:12:12] ищу нейробенд (Bluetooth)...
[02:12:43] бенд не найден — повтор через 5с
[02:12:48] ищу нейробенд (Bluetooth)...
[02:13:19] бенд не найден — повтор через 5с
[02:13:24] ищу нейробенд (Bluetooth)...
[02:13:55] бенд не найден — повтор через 5с
[02:14:00] ищу нейробенд (Bluetooth)...
[02:14:31] бенд не найден — повтор через 5с
[02:14:36] ищу нейробенд (Bluetooth)...
[02:15:07] бенд не найден — повтор через 5с
[02:15:12] ищу нейробенд (Bluetooth)...
[02:15:43] бенд не найден — повтор через 5с
[02:15:48] ищу нейробенд (Bluetooth)...
[02:16:19] бенд не найден — повтор через 5с
[02:16:24] ищу нейробенд (Bluetooth)...
[02:16:55] бенд не найден — повтор через 5с
[02:17:00] ищу нейробенд (Bluetooth)...
[02:17:31] бенд не найден — повтор через 5с
[02:17:36] ищу нейробенд (Bluetooth)...
[02:18:07] бенд не найден — повтор через 5с
[02:18:12] ищу нейробенд (Bluetooth)...
[02:18:43] бенд не найден — повтор через 5с
[02:18:48] ищу нейробенд (Bluetooth)...
[02:19:19] бенд не найден — повтор через 5с
[02:19:25] ищу нейробенд (Bluetooth)...
[02:19:56] бенд не найден — повтор через 5с
[02:20:01] ищу нейробенд (Bluetooth)...
[02:20:32] бенд не найден — повтор через 5с
[02:20:37] ищу нейробенд (Bluetooth)...
[02:21:08] бенд не найден — повтор через 5с
[02:21:13] ищу нейробенд (Bluetooth)...
[02:21:44] бенд не найден — повтор через 5с
[02:21:49] ищу нейробенд (Bluetooth)...
[02:22:20] бенд не найден — повтор через 5с
[02:22:25] ищу нейробенд (Bluetooth)...
[02:22:56] бенд не найден — повтор через 5с
[02:23:01] ищу нейробенд (Bluetooth)...
[02:23:32] бенд не найден — повтор через 5с
[02:23:37] ищу нейробенд (Bluetooth)...
[02:24:08] бенд не найден — повтор через 5с
[02:24:13] ищу нейробенд (Bluetooth)...
[02:24:44] бенд не найден — повтор через 5с
[02:24:49] ищу нейробенд (Bluetooth)...
[02:25:20] бенд не найден — повтор через 5с
[02:25:25] ищу нейробенд (Bluetooth)...
[02:25:56] бенд не найден — повтор через 5с
[02:26:01] ищу нейробенд (Bluetooth)...
[02:26:32] бенд не найден — повтор через 5с
[02:26:37] ищу нейробенд (Bluetooth)...
[02:27:08] бенд не найден — повтор через 5с
[02:27:13] ищу нейробенд (Bluetooth)...
[02:27:45] бенд не найден — повтор через 5с
[02:27:50] ищу нейробенд (Bluetooth)...
[02:28:21] бенд не найден — повтор через 5с
[02:28:26] ищу нейробенд (Bluetooth)...
[02:28:57] бенд не найден — повтор через 5с
[02:29:02] ищу нейробенд (Bluetooth)...
[02:29:33] бенд не найден — повтор через 5с
[02:29:38] ищу нейробенд (Bluetooth)...
[02:30:09] бенд не найден — повтор через 5с
[02:30:14] ищу нейробенд (Bluetooth)...
[02:30:45] бенд не найден — повтор через 5с
[02:30:50] ищу нейробенд (Bluetooth)...
[02:31:21] бенд не найден — повтор через 5с
[02:31:26] ищу нейробенд (Bluetooth)...
[02:31:57] бенд не найден — повтор через 5с
[02:32:02] ищу нейробенд (Bluetooth)...
[02:32:33] бенд не найден — повтор через 5с
[02:32:38] ищу нейробенд (Bluetooth)...
[02:33:09] бенд не найден — повтор через 5с
[02:33:14] ищу нейробенд (Bluetooth)...
[02:33:46] бенд не найден — повтор через 5с
[02:33:51] ищу нейробенд (Bluetooth)...
[02:34:22] бенд не найден — повтор через 5с
[02:34:27] ищу нейробенд (Bluetooth)...
[02:34:58] бенд не найден — повтор через 5с
[02:35:03] ищу нейробенд (Bluetooth)...
[02:35:34] бенд не найден — повтор через 5с
[02:35:39] ищу нейробенд (Bluetooth)...
[02:36:10] бенд не найден — повтор через 5с
[02:36:15] ищу нейробенд (Bluetooth)...
[02:36:46] бенд не найден — повтор через 5с
[02:36:51] ищу нейробенд (Bluetooth)...
[02:37:22] бенд не найден — повтор через 5с
[02:37:27] ищу нейробенд (Bluetooth)...
[02:37:58] бенд не найден — повтор через 5с
[02:38:03] ищу нейробенд (Bluetooth)...
[02:38:34] бенд не найден — повтор через 5с
[02:38:39] ищу нейробенд (Bluetooth)...
[02:39:10] бенд не найден — повтор через 5с
[02:39:15] ищу нейробенд (Bluetooth)...
[02:39:46] бенд не найден — повтор через 5с
[02:39:51] ищу нейробенд (Bluetooth)...
[02:40:22] бенд не найден — повтор через 5с
[02:40:27] ищу нейробенд (Bluetooth)...
[02:40:58] бенд не найден — повтор через 5с
[02:41:04] ищу нейробенд (Bluetooth)...
[02:41:35] бенд не найден — повтор через 5с
[02:41:40] ищу нейробенд (Bluetooth)...
[02:42:11] бенд не найден — повтор через 5с
[02:42:16] ищу нейробенд (Bluetooth)...
[02:42:47] бенд не найден — повтор через 5с
[02:42:52] ищу нейробенд (Bluetooth)...
[02:43:23] бенд не найден — повтор через 5с
[02:43:28] ищу нейробенд (Bluetooth)...
[02:43:59] бенд не найден — повтор через 5с
[02:44:04] ищу нейробенд (Bluetooth)...
[02:44:35] бенд не найден — повтор через 5с
[02:44:40] ищу нейробенд (Bluetooth)...
[02:45:11] бенд не найден — повтор через 5с
[02:45:16] ищу нейробенд (Bluetooth)...
[02:45:47] бенд не найден — повтор через 5с
[02:45:52] ищу нейробенд (Bluetooth)...
[02:46:23] бенд не найден — повтор через 5с
[02:46:28] ищу нейробенд (Bluetooth)...
[02:46:59] бенд не найден — повтор через 5с
[02:47:04] ищу нейробенд (Bluetooth)...
[02:47:35] бенд не найден — повтор через 5с
[02:47:40] ищу нейробенд (Bluetooth)...
[02:48:11] бенд не найден — повтор через 5с
[02:48:16] ищу нейробенд (Bluetooth)...
[02:48:47] бенд не найден — повтор через 5с
[02:48:52] ищу нейробенд (Bluetooth)...
[02:49:23] бенд не найден — повтор через 5с
[02:49:29] ищу нейробенд (Bluetooth)...
[02:50:00] бенд не найден — повтор через 5с
[02:50:05] ищу нейробенд (Bluetooth)...
[02:50:36] бенд не найден — повтор через 5с
[02:50:41] ищу нейробенд (Bluetooth)...
[02:51:12] бенд не найден — повтор через 5с
[02:51:17] ищу нейробенд (Bluetooth)...
[02:51:48] бенд не найден — повтор через 5с
[02:51:53] ищу нейробенд (Bluetooth)...
[02:52:24] бенд не найден — повтор через 5с
[02:52:29] ищу нейробенд (Bluetooth)...
[02:53:00] бенд не найден — повтор через 5с
[02:53:05] ищу нейробенд (Bluetooth)...
[02:53:36] бенд не найден — повтор через 5с
[02:53:41] ищу нейробенд (Bluetooth)...
[02:54:12] бенд не найден — повтор через 5с
[02:54:17] ищу нейробенд (Bluetooth)...
[02:54:48] бенд не найден — повтор через 5с
[02:54:53] ищу нейробенд (Bluetooth)...
[02:55:24] бенд не найден — повтор через 5с
[02:55:29] ищу нейробенд (Bluetooth)...
[02:56:00] бенд не найден — повтор через 5с
[02:56:05] ищу нейробенд (Bluetooth)...
[02:56:36] бенд не найден — повтор через 5с
[02:56:41] ищу нейробенд (Bluetooth)...
[02:57:12] бенд не найден — повтор через 5с
[02:57:17] ищу нейробенд (Bluetooth)...
[02:57:48] бенд не найден — повтор через 5с
[02:57:54] ищу нейробенд (Bluetooth)...
[02:58:25] бенд не найден — повтор через 5с
[02:58:30] ищу нейробенд (Bluetooth)...
[02:59:01] бенд не найден — повтор через 5с
[02:59:06] ищу нейробенд (Bluetooth)...
[02:59:37] бенд не найден — повтор через 5с
[02:59:42] ищу нейробенд (Bluetooth)...
[03:00:13] бенд не найден — повтор через 5с
[03:00:18] ищу нейробенд (Bluetooth)...
[03:00:49] бенд не найден — повтор через 5с
[03:00:54] ищу нейробенд (Bluetooth)...
[03:01:25] бенд не найден — повтор через 5с
[03:01:30] ищу нейробенд (Bluetooth)...
[03:02:01] бенд не найден — повтор через 5с
[03:02:06] ищу нейробенд (Bluetooth)...
[03:02:37] бенд не найден — повтор через 5с
[03:02:42] ищу нейробенд (Bluetooth)...
[03:03:13] бенд не найден — повтор через 5с
[03:03:18] ищу нейробенд (Bluetooth)...
[03:03:49] бенд не найден — повтор через 5с
[03:03:54] ищу нейробенд (Bluetooth)...
[03:04:25] бенд не найден — повтор через 5с
[03:04:30] ищу нейробенд (Bluetooth)...
[03:05:01] бенд не найден — повтор через 5с
[03:05:06] ищу нейробенд (Bluetooth)...
[03:05:38] бенд не найден — повтор через 5с
[03:05:43] ищу нейробенд (Bluetooth)...
[03:06:14] бенд не найден — повтор через 5с
[03:06:19] ищу нейробенд (Bluetooth)...
[03:06:50] бенд не найден — повтор через 5с
[03:06:55] ищу нейробенд (Bluetooth)...
[03:07:26] бенд не найден — повтор через 5с
[03:07:31] ищу нейробенд (Bluetooth)...
[03:08:02] бенд не найден — повтор через 5с
[03:08:07] ищу нейробенд (Bluetooth)...
[03:08:38] бенд не найден — повтор через 5с
[03:08:43] ищу нейробенд (Bluetooth)...
[03:09:14] бенд не найден — повтор через 5с
[03:09:19] ищу нейробенд (Bluetooth)...
[03:09:50] бенд не найден — повтор через 5с
[03:09:55] ищу нейробенд (Bluetooth)...
[03:10:26] бенд не найден — повтор через 5с
[03:10:31] ищу нейробенд (Bluetooth)...
[03:11:02] бенд не найден — повтор через 5с
[03:11:07] ищу нейробенд (Bluetooth)...
[03:11:38] бенд не найден — повтор через 5с
[03:11:43] ищу нейробенд (Bluetooth)...
[03:12:14] бенд не найден — повтор через 5с
[03:12:19] ищу нейробенд (Bluetooth)...
[03:12:50] бенд не найден — повтор через 5с
[03:12:55] ищу нейробенд (Bluetooth)...
[03:13:26] бенд не найден — повтор через 5с
[03:13:32] ищу нейробенд (Bluetooth)...
[03:14:03] бенд не найден — повтор через 5с
[03:14:08] ищу нейробенд (Bluetooth)...
[03:14:39] бенд не найден — повтор через 5с
[03:14:44] ищу нейробенд (Bluetooth)...
[03:15:15] бенд не найден — повтор через 5с
[03:15:20] ищу нейробенд (Bluetooth)...
[03:15:51] бенд не найден — повтор через 5с
[03:15:56] ищу нейробенд (Bluetooth)...
[03:16:27] бенд не найден — повтор через 5с
[03:16:32] ищу нейробенд (Bluetooth)...
[03:17:03] бенд не найден — повтор через 5с
[03:17:08] ищу нейробенд (Bluetooth)...
[03:17:39] бенд не найден — повтор через 5с
[03:17:44] ищу нейробенд (Bluetooth)...
[03:18:15] бенд не найден — повтор через 5с
[03:18:20] ищу нейробенд (Bluetooth)...
[03:18:51] бенд не найден — повтор через 5с
[03:18:56] ищу нейробенд (Bluetooth)...
[03:19:27] бенд не найден — повтор через 5с
[03:19:32] ищу нейробенд (Bluetooth)...
[03:20:03] бенд не найден — повтор через 5с
[03:20:08] ищу нейробенд (Bluetooth)...
[03:20:39] бенд не найден — повтор через 5с
[03:20:44] ищу нейробенд (Bluetooth)...
[03:21:15] бенд не найден — повтор через 5с
[03:21:20] ищу нейробенд (Bluetooth)...
[03:21:52] бенд не найден — повтор через 5с
[03:21:57] ищу нейробенд (Bluetooth)...
[03:22:28] бенд не найден — повтор через 5с
[03:22:33] ищу нейробенд (Bluetooth)...
[03:23:04] бенд не найден — повтор через 5с
[03:23:09] ищу нейробенд (Bluetooth)...
[03:23:40] бенд не найден — повтор через 5с
[03:23:45] ищу нейробенд (Bluetooth)...
[03:24:16] бенд не найден — повтор через 5с
[03:24:21] ищу нейробенд (Bluetooth)...
[03:24:52] бенд не найден — повтор через 5с
[03:24:57] ищу нейробенд (Bluetooth)...
[03:25:28] бенд не найден — повтор через 5с
[03:25:33] ищу нейробенд (Bluetooth)...
[03:26:04] бенд не найден — повтор через 5с
[03:26:09] ищу нейробенд (Bluetooth)...
[03:26:40] бенд не найден — повтор через 5с
[03:26:45] ищу нейробенд (Bluetooth)...
[03:27:16] бенд не найден — повтор через 5с
[03:27:21] ищу нейробенд (Bluetooth)...
[03:27:52] бенд не найден — повтор через 5с
[03:27:57] ищу нейробенд (Bluetooth)...
[03:28:28] бенд не найден — повтор через 5с
[03:28:33] ищу нейробенд (Bluetooth)...
[03:29:04] бенд не найден — повтор через 5с
[03:29:09] ищу нейробенд (Bluetooth)...
[03:29:41] бенд не найден — повтор через 5с
[03:29:46] ищу нейробенд (Bluetooth)...
[03:30:17] бенд не найден — повтор через 5с
[03:30:22] ищу нейробенд (Bluetooth)...
[03:30:53] бенд не найден — повтор через 5с
[03:30:58] ищу нейробенд (Bluetooth)...
[03:31:29] бенд не найден — повтор через 5с
[03:31:34] ищу нейробенд (Bluetooth)...
[03:32:05] бенд не найден — повтор через 5с
[03:32:10] ищу нейробенд (Bluetooth)...
[03:32:41] бенд не найден — повтор через 5с
[03:32:46] ищу нейробенд (Bluetooth)...
[03:33:17] бенд не найден — повтор через 5с
[03:33:22] ищу нейробенд (Bluetooth)...
[03:33:53] бенд не найден — повтор через 5с
[03:33:58] ищу нейробенд (Bluetooth)...
[03:34:29] бенд не найден — повтор через 5с
[03:34:34] ищу нейробенд (Bluetooth)...
[03:35:05] бенд не найден — повтор через 5с
[03:35:10] ищу нейробенд (Bluetooth)...
[03:35:41] бенд не найден — повтор через 5с
[03:35:46] ищу нейробенд (Bluetooth)...
[03:36:17] бенд не найден — повтор через 5с
[03:36:22] ищу нейробенд (Bluetooth)...
[03:36:53] бенд не найден — повтор через 5с
[03:36:58] ищу нейробенд (Bluetooth)...
[03:37:30] бенд не найден — повтор через 5с
[03:37:35] ищу нейробенд (Bluetooth)...
[03:38:06] бенд не найден — повтор через 5с
[03:38:11] ищу нейробенд (Bluetooth)...
[03:38:42] бенд не найден — повтор через 5с
[03:38:47] ищу нейробенд (Bluetooth)...
[03:39:18] бенд не найден — повтор через 5с
[03:39:23] ищу нейробенд (Bluetooth)...
[03:39:54] бенд не найден — повтор через 5с
[03:39:59] ищу нейробенд (Bluetooth)...
[03:40:30] бенд не найден — повтор через 5с
[03:40:35] ищу нейробенд (Bluetooth)...
[03:41:06] бенд не найден — повтор через 5с
[03:41:11] ищу нейробенд (Bluetooth)...
[03:41:42] бенд не найден — повтор через 5с
[03:41:47] ищу нейробенд (Bluetooth)...
[03:42:18] бенд не найден — повтор через 5с
[03:42:23] ищу нейробенд (Bluetooth)...
[03:42:54] бенд не найден — повтор через 5с
[03:42:59] ищу нейробенд (Bluetooth)...
[03:43:30] бенд не найден — повтор через 5с
[03:43:35] ищу нейробенд (Bluetooth)...
[03:44:06] бенд не найден — повтор через 5с
[03:44:11] ищу нейробенд (Bluetooth)...
[03:44:42] бенд не найден — повтор через 5с
[03:44:48] ищу нейробенд (Bluetooth)...
[03:45:19] бенд не найден — повтор через 5с
[03:45:24] ищу нейробенд (Bluetooth)...
[03:45:55] бенд не найден — повтор через 5с
[03:46:00] ищу нейробенд (Bluetooth)...
[03:46:31] бенд не найден — повтор через 5с
[03:46:36] ищу нейробенд (Bluetooth)...
[03:47:07] бенд не найден — повтор через 5с
[03:47:12] ищу нейробенд (Bluetooth)...
[03:47:43] бенд не найден — повтор через 5с
[03:47:48] ищу нейробенд (Bluetooth)...
[03:48:19] бенд не найден — повтор через 5с
[03:48:24] ищу нейробенд (Bluetooth)...
[03:48:55] бенд не найден — повтор через 5с
[03:49:00] ищу нейробенд (Bluetooth)...
[03:49:31] бенд не найден — повтор через 5с
[03:49:36] ищу нейробенд (Bluetooth)...
[03:50:07] бенд не найден — повтор через 5с
[03:50:12] ищу нейробенд (Bluetooth)...
[03:50:43] бенд не найден — повтор через 5с
[03:50:48] ищу нейробенд (Bluetooth)...
[03:51:19] бенд не найден — повтор через 5с
[03:51:24] ищу нейробенд (Bluetooth)...
[03:51:55] бенд не найден — повтор через 5с
[03:52:00] ищу нейробенд (Bluetooth)...
[03:52:32] бенд не найден — повтор через 5с
[03:52:37] ищу нейробенд (Bluetooth)...
[03:53:08] бенд не найден — повтор через 5с
[03:53:13] ищу нейробенд (Bluetooth)...
[03:53:44] бенд не найден — повтор через 5с
[03:53:49] ищу нейробенд (Bluetooth)...
[03:54:20] бенд не найден — повтор через 5с
[03:54:25] ищу нейробенд (Bluetooth)...
[03:54:56] бенд не найден — повтор через 5с
[03:55:01] ищу нейробенд (Bluetooth)...
[03:55:32] бенд не найден — повтор через 5с
[03:55:37] ищу нейробенд (Bluetooth)...
[03:56:08] бенд не найден — повтор через 5с
[03:56:13] ищу нейробенд (Bluetooth)...
[03:56:44] бенд не найден — повтор через 5с
[03:56:49] ищу нейробенд (Bluetooth)...
[03:57:20] бенд не найден — повтор через 5с
[03:57:25] ищу нейробенд (Bluetooth)...
[03:57:56] бенд не найден — повтор через 5с
[03:58:01] ищу нейробенд (Bluetooth)...
[03:58:32] бенд не найден — повтор через 5с
[03:58:37] ищу нейробенд (Bluetooth)...
[03:59:08] бенд не найден — повтор через 5с
[03:59:13] ищу нейробенд (Bluetooth)...
[03:59:44] бенд не найден — повтор через 5с
[03:59:49] ищу нейробенд (Bluetooth)...
[04:00:20] бенд не найден — повтор через 5с
[04:00:26] ищу нейробенд (Bluetooth)...
[04:00:57] бенд не найден — повтор через 5с
[04:01:02] ищу нейробенд (Bluetooth)...
[04:01:33] бенд не найден — повтор через 5с
[04:01:38] ищу нейробенд (Bluetooth)...
[04:02:09] бенд не найден — повтор через 5с
[04:02:14] ищу нейробенд (Bluetooth)...
[04:02:45] бенд не найден — повтор через 5с
[04:02:50] ищу нейробенд (Bluetooth)...
[04:03:21] бенд не найден — повтор через 5с
[04:03:26] ищу нейробенд (Bluetooth)...
[04:03:57] бенд не найден — повтор через 5с
[04:04:02] ищу нейробенд (Bluetooth)...
[04:04:33] бенд не найден — повтор через 5с
[04:04:38] ищу нейробенд (Bluetooth)...
[04:05:09] бенд не найден — повтор через 5с
[04:05:14] ищу нейробенд (Bluetooth)...
[04:05:45] бенд не найден — повтор через 5с
[04:05:50] ищу нейробенд (Bluetooth)...
[04:06:21] бенд не найден — повтор через 5с
[04:06:26] ищу нейробенд (Bluetooth)...
[04:06:57] бенд не найден — повтор через 5с
[04:07:02] ищу нейробенд (Bluetooth)...
[04:07:33] бенд не найден — повтор через 5с
[04:07:38] ищу нейробенд (Bluetooth)...
[04:08:09] бенд не найден — повтор через 5с
[04:08:15] ищу нейробенд (Bluetooth)...
[04:08:46] бенд не найден — повтор через 5с
[04:08:51] ищу нейробенд (Bluetooth)...
[04:09:22] бенд не найден — повтор через 5с
[04:09:27] ищу нейробенд (Bluetooth)...
[04:09:58] бенд не найден — повтор через 5с
[04:10:03] ищу нейробенд (Bluetooth)...
[04:10:34] бенд не найден — повтор через 5с
[04:10:39] ищу нейробенд (Bluetooth)...
[04:11:10] бенд не найден — повтор через 5с
[04:11:15] ищу нейробенд (Bluetooth)...
[04:11:46] бенд не найден — повтор через 5с
[04:11:51] ищу нейробенд (Bluetooth)...
[04:12:22] бенд не найден — повтор через 5с
[04:12:27] ищу нейробенд (Bluetooth)...
[04:12:58] бенд не найден — повтор через 5с
[04:13:03] ищу нейробенд (Bluetooth)...
[04:13:34] бенд не найден — повтор через 5с
[04:13:39] ищу нейробенд (Bluetooth)...
[04:14:10] бенд не найден — повтор через 5с
[04:14:15] ищу нейробенд (Bluetooth)...
[04:14:46] бенд не найден — повтор через 5с
[04:14:51] ищу нейробенд (Bluetooth)...
[04:15:22] бенд не найден — повтор через 5с
[04:15:28] ищу нейробенд (Bluetooth)...
[04:15:59] бенд не найден — повтор через 5с
[04:16:04] ищу нейробенд (Bluetooth)...
[04:16:35] бенд не найден — повтор через 5с
[04:16:40] ищу нейробенд (Bluetooth)...
[04:17:11] бенд не найден — повтор через 5с
[04:17:16] ищу нейробенд (Bluetooth)...
[04:17:47] бенд не найден — повтор через 5с
[04:17:52] ищу нейробенд (Bluetooth)...
[04:18:23] бенд не найден — повтор через 5с
[04:18:28] ищу нейробенд (Bluetooth)...
[04:18:59] бенд не найден — повтор через 5с
[04:19:04] ищу нейробенд (Bluetooth)...
[04:19:35] бенд не найден — повтор через 5с
[04:19:40] ищу нейробенд (Bluetooth)...
[04:20:11] бенд не найден — повтор через 5с
[04:20:16] ищу нейробенд (Bluetooth)...
[04:20:47] бенд не найден — повтор через 5с
[04:20:52] ищу нейробенд (Bluetooth)...
[04:21:23] бенд не найден — повтор через 5с
[04:21:28] ищу нейробенд (Bluetooth)...
[04:21:59] бенд не найден — повтор через 5с
[04:22:04] ищу нейробенд (Bluetooth)...
[04:22:35] бенд не найден — повтор через 5с
[04:22:40] ищу нейробенд (Bluetooth)...
[04:23:12] бенд не найден — повтор через 5с
[04:23:17] ищу нейробенд (Bluetooth)...
[04:23:48] бенд не найден — повтор через 5с
[04:23:53] ищу нейробенд (Bluetooth)...
[04:24:24] бенд не найден — повтор через 5с
[04:24:29] ищу нейробенд (Bluetooth)...
[04:25:00] бенд не найден — повтор через 5с
[04:25:05] ищу нейробенд (Bluetooth)...
[04:25:36] бенд не найден — повтор через 5с
[04:25:41] ищу нейробенд (Bluetooth)...
[04:26:12] бенд не найден — повтор через 5с
[04:26:17] ищу нейробенд (Bluetooth)...
[04:26:48] бенд не найден — повтор через 5с
[04:26:53] ищу нейробенд (Bluetooth)...
[04:27:24] бенд не найден — повтор через 5с
[04:27:29] ищу нейробенд (Bluetooth)...
[04:28:00] бенд не найден — повтор через 5с
[04:28:05] ищу нейробенд (Bluetooth)...
[04:28:36] бенд не найден — повтор через 5с
[04:28:41] ищу нейробенд (Bluetooth)...
[04:29:12] бенд не найден — повтор через 5с
[04:29:17] ищу нейробенд (Bluetooth)...
[04:29:48] бенд не найден — повтор через 5с
[04:29:53] ищу нейробенд (Bluetooth)...
[04:30:24] бенд не найден — повтор через 5с
[04:30:29] ищу нейробенд (Bluetooth)...
[04:31:01] бенд не найден — повтор через 5с
[04:31:06] ищу нейробенд (Bluetooth)...
[04:31:37] бенд не найден — повтор через 5с
[04:31:42] ищу нейробенд (Bluetooth)...
[04:32:13] бенд не найден — повтор через 5с
[04:32:18] ищу нейробенд (Bluetooth)...
[04:32:49] бенд не найден — повтор через 5с
[04:32:54] ищу нейробенд (Bluetooth)...
[04:33:25] бенд не найден — повтор через 5с
[04:33:30] ищу нейробенд (Bluetooth)...
[04:34:01] бенд не найден — повтор через 5с
[04:34:06] ищу нейробенд (Bluetooth)...
[04:34:37] бенд не найден — повтор через 5с
[04:34:42] ищу нейробенд (Bluetooth)...
[04:35:13] бенд не найден — повтор через 5с
[04:35:18] ищу нейробенд (Bluetooth)...
[04:35:49] бенд не найден — повтор через 5с
[04:35:54] ищу нейробенд (Bluetooth)...
[04:36:25] бенд не найден — повтор через 5с
[04:36:30] ищу нейробенд (Bluetooth)...
[04:37:01] бенд не найден — повтор через 5с
[04:37:06] ищу нейробенд (Bluetooth)...
[04:37:20] найден Headband, подключаюсь...
[04:37:20] BAND Address=F7:14:0E:FE:9D:20 Serial=820891 Name=Headband RSSI=-86
[04:37:43] заряд: 84%
[04:37:43] сигнал пошёл; бенд плотно, электроды смочить (калибровка ~1 мин)
[04:37:43] калибровка 0%
[04:38:20] состояние бенда: SensorState.StateOutOfRange
[04:38:21] связь с бендом потеряна
[04:38:21] ищу нейробенд (Bluetooth)...
[04:38:24] найден Headband, подключаюсь...
[04:38:24] BAND Address=F7:14:0E:FE:9D:20 Serial=820891 Name=Headband RSSI=-80
[04:38:31] заряд: 84%
[04:38:31] заряд: 84%
[04:38:32] сигнал пошёл; бенд плотно, электроды смочить (калибровка ~1 мин)
[04:38:32] калибровка 0%
[04:38:36] заряд: 83%
[04:38:51] состояние бенда: SensorState.StateOutOfRange
[04:38:52] связь с бендом потеряна
[04:38:52] ищу нейробенд (Bluetooth)...
[04:38:54] найден Headband, подключаюсь...
[04:38:54] BAND Address=F7:14:0E:FE:9D:20 Serial=820891 Name=Headband RSSI=-74
[04:39:05] заряд: 83%
[04:39:07] заряд: 83%
[04:39:08] сигнал пошёл; бенд плотно, электроды смочить (калибровка ~1 мин)
[04:39:08] калибровка 0%
[04:39:15] калибровка 1%
[04:39:15] калибровка 2%
[04:39:15] калибровка 3%
[04:39:15] калибровка 4%
[04:39:15] калибровка 5%
[04:39:16] калибровка 6%
[04:39:16] калибровка 7%
[04:39:16] калибровка 8%
[04:39:16] калибровка 9%
[04:39:16] калибровка 10%
[04:39:17] калибровка 11%
[04:39:17] калибровка 12%
[04:39:17] калибровка 13%
[04:39:18] калибровка 14%
[04:39:18] калибровка 15%
[04:39:18] калибровка 16%
[04:39:18] калибровка 17%
[04:39:18] калибровка 18%
[04:39:19] калибровка 19%
[04:39:19] калибровка 20%
[04:39:19] калибровка 21%
[04:39:20] калибровка 22%
[04:39:21] калибровка 23%
[04:39:21] калибровка 24%
[04:39:21] калибровка 25%
[04:39:21] калибровка 26%
[04:39:22] калибровка 27%
[04:39:22] калибровка 28%
[04:39:22] калибровка 29%
[04:39:22] калибровка 30%
[04:39:23] калибровка 31%
[04:39:23] калибровка 32%
[04:39:23] калибровка 33%
[04:39:24] калибровка 34%
[04:39:24] калибровка 35%
[04:39:24] калибровка 36%
[04:39:24] калибровка 37%
[04:39:24] калибровка 38%
[04:39:25] калибровка 39%
[04:39:25] калибровка 40%
[04:39:26] калибровка 41%
[04:39:26] калибровка 42%
[04:39:26] калибровка 43%
[04:39:26] калибровка 44%
[04:39:27] калибровка 45%
[04:39:27] калибровка 46%
[04:39:27] калибровка 47%
[04:39:27] калибровка 48%
[04:39:28] калибровка 49%
[04:39:28] калибровка 50%
[04:39:28] калибровка 51%
[04:39:28] калибровка 52%
[04:39:28] калибровка 53%
[04:39:28] калибровка 54%
[04:39:29] калибровка 55%
[04:39:29] калибровка 56%
[04:39:30] калибровка 57%
[04:39:30] калибровка 58%
[04:39:30] калибровка 59%
[04:39:31] калибровка 60%
[04:39:31] калибровка 61%
[04:39:31] калибровка 62%
[04:39:31] калибровка 63%
[04:39:31] калибровка 64%
[04:39:32] калибровка 65%
[04:39:32] калибровка 66%
[04:39:33] калибровка 67%
[04:39:33] калибровка 68%
[04:39:33] калибровка 69%
[04:39:33] калибровка 70%
[04:39:34] калибровка 71%
[04:39:34] калибровка 72%
[04:39:34] калибровка 73%
[04:39:34] калибровка 74%
[04:39:35] калибровка 75%
[04:39:35] калибровка 76%
[04:39:36] калибровка 77%
[04:39:36] калибровка 78%
[04:39:36] калибровка 79%
[04:39:36] калибровка 80%
[04:39:36] калибровка 81%
[04:39:37] калибровка 82%
[04:39:37] калибровка 83%
[04:39:37] калибровка 84%
[04:39:37] калибровка 85%
[04:39:38] калибровка 86%
[04:39:38] калибровка 87%
[04:39:38] калибровка 88%
[04:39:39] калибровка 89%
[04:39:39] калибровка 90%
[04:39:39] калибровка 91%
[04:39:39] калибровка 92%
[04:39:40] калибровка 93%
[04:39:40] калибровка 94%
[04:39:41] калибровка 95%
[04:39:41] калибровка 96%
[04:39:42] калибровка 97%
[04:39:42] калибровка 98%
[04:39:42] калибровка 99%
[04:39:43] === КАЛИБРОВКА ГОТОВА, метрики идут на головной ===
[04:39:43] UDP-сокет к 192.168.1.34:9003 готов (latest-value-wins)
[04:39:43] метрики -> 192.168.1.34:9003  (пакетов 1)
[04:39:48] метрики -> 192.168.1.34:9003  (пакетов 37)
[04:39:53] метрики -> 192.168.1.34:9003  (пакетов 65)
[04:39:58] метрики -> 192.168.1.34:9003  (пакетов 101)
[04:40:03] метрики -> 192.168.1.34:9003  (пакетов 126)
[04:40:09] метрики -> 192.168.1.34:9003  (пакетов 162)
[04:40:14] метрики -> 192.168.1.34:9003  (пакетов 198)
[04:40:19] метрики -> 192.168.1.34:9003  (пакетов 239)
[04:40:24] метрики -> 192.168.1.34:9003  (пакетов 274)
[04:40:29] метрики -> 192.168.1.34:9003  (пакетов 306)
[04:40:34] метрики -> 192.168.1.34:9003  (пакетов 340)
[04:40:39] === Neiry LAN узел -> головной 192.168.1.34:9003 (TCP JSON, контракт художницы) ===
[04:40:39] ищу нейробенд (Bluetooth)...
[04:40:43] найден Headband, подключаюсь...
[04:40:43] BAND Address=F7:14:0E:FE:9D:20 Serial=820891 Name=Headband RSSI=-74
[04:40:45] сбой сессии: Code 108. Message:Cannot create BLE device. — переподключение 3с
[04:40:48] ищу нейробенд (Bluetooth)...
[04:40:51] найден Headband, подключаюсь...
[04:40:51] BAND Address=F7:14:0E:FE:9D:20 Serial=820891 Name=Headband RSSI=-78
[04:40:52] сбой сессии: Code 108. Message:Cannot create BLE device. — переподключение 3с
[04:40:55] ищу нейробенд (Bluetooth)...
[04:40:59] найден Headband, подключаюсь...
[04:40:59] BAND Address=F7:14:0E:FE:9D:20 Serial=820891 Name=Headband RSSI=-78
[04:41:01] сбой сессии: Code 108. Message:Cannot create BLE device. — переподключение 3с
[04:41:04] ищу нейробенд (Bluetooth)...
[04:41:13] найден Headband, подключаюсь...
[04:41:13] BAND Address=F7:14:0E:FE:9D:20 Serial=820891 Name=Headband RSSI=-82
[04:41:14] сбой сессии: Code 108. Message:Cannot create BLE device. — переподключение 3с
[04:41:17] ищу нейробенд (Bluetooth)...
[04:41:48] бенд не найден — повтор через 5с
[04:41:53] ищу нейробенд (Bluetooth)...
[04:42:02] === Neiry LAN узел -> головной 192.168.1.34:9003 (TCP JSON, контракт художницы) ===
[04:42:02] ищу нейробенд (Bluetooth)...
[05:04:13] === Neiry LAN узел v2 -> 192.168.1.34:9003 (мгновенные метрики + фоновая калибровка) ===
[05:04:13] ищу нейробенд (Bluetooth)...
[05:04:44] бенд не найден — повтор через 5с
[05:04:49] ищу нейробенд (Bluetooth)...
[05:05:20] бенд не найден — повтор через 5с
[05:05:25] ищу нейробенд (Bluetooth)...
[05:05:56] бенд не найден — повтор через 5с
[05:06:01] ищу нейробенд (Bluetooth)...
[05:06:32] бенд не найден — повтор через 5с
[05:06:37] ищу нейробенд (Bluetooth)...
[05:07:08] бенд не найден — повтор через 5с
[05:07:14] ищу нейробенд (Bluetooth)...
[05:08:41] === Neiry LAN узел v2 -> 192.168.1.34:9003 (мгновенные метрики + фоновая калибровка) ===
[05:08:41] ищу нейробенд (Bluetooth)...
[05:09:12] бенд не найден — повтор через 5с
[05:09:17] ищу нейробенд (Bluetooth)...
[05:09:51] бенд не найден — повтор через 5с
[05:09:56] ищу нейробенд (Bluetooth)...
[05:10:27] бенд не найден — повтор через 5с
[05:10:32] ищу нейробенд (Bluetooth)...
[05:11:03] бенд не найден — повтор через 5с
[05:11:08] ищу нейробенд (Bluetooth)...
[05:11:39] бенд не найден — повтор через 5с
[05:11:44] ищу нейробенд (Bluetooth)...
[05:12:15] бенд не найден — повтор через 5с
[05:12:20] ищу нейробенд (Bluetooth)...
[05:12:51] бенд не найден — повтор через 5с
[05:12:56] ищу нейробенд (Bluetooth)...
[05:13:27] бенд не найден — повтор через 5с
[05:13:32] ищу нейробенд (Bluetooth)...
[05:14:03] бенд не найден — повтор через 5с
[05:14:08] ищу нейробенд (Bluetooth)...
[05:14:39] бенд не найден — повтор через 5с
[05:14:44] ищу нейробенд (Bluetooth)...
[05:15:15] бенд не найден — повтор через 5с
[05:15:20] ищу нейробенд (Bluetooth)...
[05:15:52] бенд не найден — повтор через 5с
[05:15:57] ищу нейробенд (Bluetooth)...
[05:16:28] бенд не найден — повтор через 5с
[05:16:33] ищу нейробенд (Bluetooth)...
[05:39:30] === Neiry LAN узел v2 -> 192.168.1.34:9003 (мгновенные метрики + фоновая калибровка + 24/7) ===
[05:39:30] ищу нейробенд (Bluetooth) addr~f7:14:0e:fe:9d:20...
[05:40:01] бенд не найден — повтор через 5с
[05:40:06] ищу нейробенд (Bluetooth) addr~f7:14:0e:fe:9d:20...
[05:40:37] бенд не найден — повтор через 5с
[05:40:42] ищу нейробенд (Bluetooth) addr~f7:14:0e:fe:9d:20...
[05:41:05] === Neiry LAN узел v2 -> 192.168.1.34:9003 (мгновенные метрики + фоновая калибровка + 24/7) ===
[05:41:05] ищу нейробенд (Bluetooth) addr~f7:14:0e:fe:9d:20...
[05:41:36] бенд не найден — повтор через 5с
[05:41:41] ищу нейробенд (Bluetooth) addr~f7:14:0e:fe:9d:20...
[05:42:12] бенд не найден — повтор через 5с
[05:42:17] ищу нейробенд (Bluetooth) addr~f7:14:0e:fe:9d:20...
[05:42:48] бенд не найден — повтор через 5с
[05:42:53] ищу нейробенд (Bluetooth) addr~f7:14:0e:fe:9d:20...
[05:43:05] === Neiry LAN узел v2 -> 192.168.1.34:9003 (мгновенные метрики + фоновая калибровка + 24/7) ===
[05:43:05] ищу нейробенд (Bluetooth) addr~f7:14:0e:fe:9d:20...
[05:43:36] бенд не найден — повтор через 5с
[05:43:41] ищу нейробенд (Bluetooth) addr~f7:14:0e:fe:9d:20...
[05:44:12] бенд не найден — повтор через 5с
[05:44:17] ищу нейробенд (Bluetooth) addr~f7:14:0e:fe:9d:20...
[05:44:48] бенд не найден — повтор через 5с
[05:44:53] ищу нейробенд (Bluetooth) addr~f7:14:0e:fe:9d:20...
[05:45:05] === Neiry LAN узел v2 -> 192.168.1.34:9003 (мгновенные метрики + фоновая калибровка + 24/7) ===
[05:45:05] ищу нейробенд (Bluetooth) addr~f7:14:0e:fe:9d:20...
[05:45:36] бенд не найден — повтор через 5с
[05:45:41] ищу нейробенд (Bluetooth) addr~f7:14:0e:fe:9d:20...
[05:46:12] бенд не найден — повтор через 5с
[05:46:17] ищу нейробенд (Bluetooth) addr~f7:14:0e:fe:9d:20...
[05:46:48] бенд не найден — повтор через 5с
[05:46:53] ищу нейробенд (Bluetooth) addr~f7:14:0e:fe:9d:20...
[05:47:05] === Neiry LAN узел v2 -> 192.168.1.34:9003 (мгновенные метрики + фоновая калибровка + 24/7) ===
[05:47:05] ищу нейробенд (Bluetooth) addr~f7:14:0e:fe:9d:20...
[05:47:36] бенд не найден — повтор через 5с
[05:47:41] ищу нейробенд (Bluetooth) addr~f7:14:0e:fe:9d:20...
[05:48:12] бенд не найден — повтор через 5с
[05:48:17] ищу нейробенд (Bluetooth) addr~f7:14:0e:fe:9d:20...
[05:48:48] бенд не найден — повтор через 5с
[05:48:53] ищу нейробенд (Bluetooth) addr~f7:14:0e:fe:9d:20...
[05:49:05] === Neiry LAN узел v2 -> 192.168.1.34:9003 (мгновенные метрики + фоновая калибровка + 24/7) ===
[05:49:05] ищу нейробенд (Bluetooth) addr~f7:14:0e:fe:9d:20...
[05:49:36] бенд не найден — повтор через 5с
[05:49:41] ищу нейробенд (Bluetooth) addr~f7:14:0e:fe:9d:20...
[05:50:12] бенд не найден — повтор через 5с
[05:50:17] ищу нейробенд (Bluetooth) addr~f7:14:0e:fe:9d:20...
[05:50:48] бенд не найден — повтор через 5с
[05:50:53] ищу нейробенд (Bluetooth) addr~f7:14:0e:fe:9d:20...
[05:51:05] === Neiry LAN узел v2 -> 192.168.1.34:9003 (мгновенные метрики + фоновая калибровка + 24/7) ===
[05:51:05] ищу нейробенд (Bluetooth) addr~f7:14:0e:fe:9d:20...
[05:51:36] бенд не найден — повтор через 5с
[05:51:41] ищу нейробенд (Bluetooth) addr~f7:14:0e:fe:9d:20...
[05:52:12] бенд не найден — повтор через 5с
[05:52:17] ищу нейробенд (Bluetooth) addr~f7:14:0e:fe:9d:20...
[05:52:48] бенд не найден — повтор через 5с
[05:52:53] ищу нейробенд (Bluetooth) addr~f7:14:0e:fe:9d:20...
[05:53:05] === Neiry LAN узел v2 -> 192.168.1.34:9003 (мгновенные метрики + фоновая калибровка + 24/7) ===
[05:53:05] ищу нейробенд (Bluetooth) addr~f7:14:0e:fe:9d:20...
[05:53:36] бенд не найден — повтор через 5с
[05:53:41] ищу нейробенд (Bluetooth) addr~f7:14:0e:fe:9d:20...
[05:54:12] бенд не найден — повтор через 5с
[05:54:17] ищу нейробенд (Bluetooth) addr~f7:14:0e:fe:9d:20...
[05:54:19] найден Headband, подключаюсь...
[05:54:44] сбой сессии: Code 108. Message:Can not read Serial number — переподключение 3с
[05:54:47] ищу нейробенд (Bluetooth) addr~f7:14:0e:fe:9d:20...
[05:55:05] === Neiry LAN узел v2 -> 192.168.1.34:9003 (мгновенные метрики + фоновая калибровка + 24/7) ===
[05:55:05] ищу нейробенд (Bluetooth) addr~f7:14:0e:fe:9d:20...
[05:55:16] найден Headband, подключаюсь...
[05:55:22] заряд: 80%
[05:55:22] сигнал пошёл; метрики идут СРАЗУ (калибровка вплетётся фоном)
[05:55:24] UDP-сокет к 192.168.1.34:9003 готов
[05:55:24] att=0.50 rel=0.50 | калибровка 0% (фон) | пакетов 1
[05:55:34] att=0.98 rel=0.95 | калибровка 0% (фон) | пакетов 32
[05:55:44] att=0.79 rel=0.87 | калибровка 0% (фон) | пакетов 54
[05:55:52] СИГНАЛ ЗАМЕР (>8с, бэнд «жив», но данных нет) — реконнект
[05:55:54] состояние бенда: SensorState.StateOutOfRange
[05:55:54] ищу нейробенд (Bluetooth) addr~f7:14:0e:fe:9d:20...
[05:56:14] найден Headband, подключаюсь...
[05:56:51] сбой сессии: Code 108. Message:Can not read Hardware Revision — переподключение 3с
[05:56:54] ищу нейробенд (Bluetooth) addr~f7:14:0e:fe:9d:20...
[05:57:05] === Neiry LAN узел v2 -> 192.168.1.34:9003 (мгновенные метрики + фоновая калибровка + 24/7) ===
[05:57:05] ищу нейробенд (Bluetooth) addr~f7:14:0e:fe:9d:20...
[05:57:18] найден Headband, подключаюсь...
[05:57:23] заряд: 79%
[05:57:23] сигнал пошёл; метрики идут СРАЗУ (калибровка вплетётся фоном)
[05:57:24] UDP-сокет к 192.168.1.34:9003 готов
[05:57:24] att=0.50 rel=0.50 | калибровка 0% (фон) | пакетов 1
[05:57:34] att=0.61 rel=0.44 | калибровка 0% (фон) | пакетов 24
[05:57:44] att=0.43 rel=0.43 | калибровка 0% (фон) | пакетов 49
[05:57:55] att=0.74 rel=0.40 | калибровка 24% (фон) | пакетов 72
[05:58:05] att=0.91 rel=0.34 | калибровка 44% (фон) | пакетов 94
[05:58:16] att=0.92 rel=0.32 | калибровка 65% (фон) | пакетов 114
[05:58:26] att=0.62 rel=0.36 | калибровка 86% (фон) | пакетов 134
[05:58:32] === em_st калибровка готова -> плавно вплетаю персональный коэффициент (8с) ===
[05:58:37] att=0.76 rel=0.27 | em_st 66% | пакетов 156
[05:58:49] СИГНАЛ ЗАМЕР (>8с, бэнд «жив», но данных нет) — реконнект
[05:58:50] состояние бенда: SensorState.StateOutOfRange
[05:58:51] ищу нейробенд (Bluetooth) addr~f7:14:0e:fe:9d:20...
[05:58:53] найден Headband, подключаюсь...
[05:59:05] === Neiry LAN узел v2 -> 192.168.1.34:9003 (мгновенные метрики + фоновая калибровка + 24/7) ===
[05:59:05] ищу нейробенд (Bluetooth) addr~f7:14:0e:fe:9d:20...
[05:59:34] найден Headband, подключаюсь...
[05:59:40] заряд: 78%
[05:59:40] сигнал пошёл; метрики идут СРАЗУ (калибровка вплетётся фоном)
[05:59:41] UDP-сокет к 192.168.1.34:9003 готов
[05:59:41] att=0.50 rel=0.50 | калибровка 0% (фон) | пакетов 1
[05:59:51] === em_st калибровка готова -> плавно вплетаю персональный коэффициент (8с) ===
[05:59:51] att=0.60 rel=0.43 | em_st 3% | пакетов 33
[06:00:02] att=0.27 rel=0.00 | em_st 100% | пакетов 63
[06:00:12] att=0.08 rel=0.00 | em_st 100% | пакетов 96
[06:00:22] att=0.08 rel=0.00 | em_st 100% | пакетов 130
[06:00:32] att=0.45 rel=0.00 | em_st 100% | пакетов 163
[06:00:42] att=0.00 rel=0.43 | em_st 100% | пакетов 195
[06:00:53] att=0.20 rel=0.00 | em_st 100% | пакетов 229
[06:01:05] === Neiry LAN узел v2 -> 192.168.1.34:9003 (мгновенные метрики + фоновая калибровка + 24/7) ===
[06:01:05] ищу нейробенд (Bluetooth) addr~f7:14:0e:fe:9d:20...
[06:01:28] найден Headband, подключаюсь...
[06:01:32] заряд: 78%
[06:01:33] сигнал пошёл; метрики идут СРАЗУ (калибровка вплетётся фоном)
[06:01:35] UDP-сокет к 192.168.1.34:9003 готов
[06:01:35] att=0.50 rel=0.50 | калибровка 0% (фон) | пакетов 1
[06:01:43] === em_st калибровка готова -> плавно вплетаю персональный коэффициент (8с) ===
[06:01:45] att=0.32 rel=0.45 | em_st 22% | пакетов 34
[06:01:55] att=0.12 rel=0.00 | em_st 100% | пакетов 68
[06:02:05] att=0.04 rel=0.00 | em_st 100% | пакетов 102
[06:02:16] att=0.27 rel=0.00 | em_st 100% | пакетов 136
[06:02:26] att=0.21 rel=0.00 | em_st 100% | пакетов 169
[06:02:36] att=0.01 rel=0.00 | em_st 100% | пакетов 203
[06:02:46] att=0.08 rel=0.00 | em_st 100% | пакетов 236
[06:02:56] att=0.06 rel=0.00 | em_st 100% | пакетов 268
[06:03:05] === Neiry LAN узел v2 -> 192.168.1.34:9003 (мгновенные метрики + фоновая калибровка + 24/7) ===
[06:03:05] ищу нейробенд (Bluetooth) addr~f7:14:0e:fe:9d:20...
[06:03:31] найден Headband, подключаюсь...
[06:03:37] заряд: 77%
[06:03:38] сигнал пошёл; метрики идут СРАЗУ (калибровка вплетётся фоном)
[06:03:39] UDP-сокет к 192.168.1.34:9003 готов
[06:03:39] att=0.50 rel=0.50 | калибровка 0% (фон) | пакетов 1
[06:03:50] att=0.54 rel=0.48 | калибровка 74% (фон) | пакетов 32
[06:03:50] === em_st калибровка готова -> плавно вплетаю персональный коэффициент (8с) ===
[06:04:00] att=0.00 rel=0.31 | em_st 100% | пакетов 65
[06:04:10] att=0.00 rel=0.29 | em_st 100% | пакетов 95
[06:04:20] att=0.00 rel=0.29 | em_st 100% | пакетов 125
[06:04:30] att=0.00 rel=0.51 | em_st 100% | пакетов 156
[06:04:40] att=0.00 rel=0.36 | em_st 100% | пакетов 190
[06:04:50] att=0.00 rel=0.23 | em_st 100% | пакетов 223
[06:05:00] att=0.00 rel=0.32 | em_st 100% | пакетов 256
[06:05:05] === Neiry LAN узел v2 -> 192.168.1.34:9003 (мгновенные метрики + фоновая калибровка + 24/7) ===
[06:05:05] ищу нейробенд (Bluetooth) addr~f7:14:0e:fe:9d:20...
[06:05:17] найден Headband, подключаюсь...
[06:05:24] заряд: 77%
[06:05:25] сигнал пошёл; метрики идут СРАЗУ (калибровка вплетётся фоном)
[06:05:27] UDP-сокет к 192.168.1.34:9003 готов
[06:05:27] att=0.50 rel=0.50 | калибровка 0% (фон) | пакетов 1
[06:05:35] === em_st калибровка готова -> плавно вплетаю персональный коэффициент (8с) ===
[06:05:37] att=0.23 rel=0.74 | em_st 26% | пакетов 34
[06:05:47] att=0.00 rel=0.56 | em_st 100% | пакетов 68
[06:05:57] att=0.00 rel=0.55 | em_st 100% | пакетов 102
[06:06:08] att=0.00 rel=0.53 | em_st 100% | пакетов 136
[06:06:18] att=0.00 rel=0.51 | em_st 100% | пакетов 170
[06:06:28] att=0.00 rel=0.54 | em_st 100% | пакетов 195
[06:06:38] att=0.09 rel=0.55 | em_st 100% | пакетов 227
[06:06:48] att=0.00 rel=0.44 | em_st 100% | пакетов 258
[06:06:58] att=0.00 rel=0.48 | em_st 100% | пакетов 286
[06:07:05] === Neiry LAN узел v2 -> 192.168.1.34:9003 (мгновенные метрики + фоновая калибровка + 24/7) ===
[06:07:05] ищу нейробенд (Bluetooth) addr~f7:14:0e:fe:9d:20...
[06:07:31] найден Headband, подключаюсь...
[06:07:37] заряд: 77%
[06:07:37] сигнал пошёл; метрики идут СРАЗУ (калибровка вплетётся фоном)
[06:07:38] UDP-сокет к 192.168.1.34:9003 готов
[06:07:38] att=0.50 rel=0.50 | калибровка 0% (фон) | пакетов 1
[06:07:47] === em_st калибровка готова -> плавно вплетаю персональный коэффициент (8с) ===
[06:07:48] att=0.63 rel=0.40 | em_st 15% | пакетов 32
[06:07:58] att=0.17 rel=0.00 | em_st 100% | пакетов 65
[06:08:09] att=0.25 rel=0.00 | em_st 100% | пакетов 98
[06:08:19] att=0.23 rel=0.00 | em_st 100% | пакетов 122
[06:08:29] att=0.22 rel=0.00 | em_st 100% | пакетов 154
[06:08:39] att=0.03 rel=0.01 | em_st 100% | пакетов 188
[06:08:49] att=0.01 rel=0.02 | em_st 100% | пакетов 221
[06:08:59] att=0.00 rel=0.32 | em_st 100% | пакетов 254
[06:09:09] att=0.11 rel=0.00 | em_st 100% | пакетов 287
[06:09:19] att=0.31 rel=0.06 | em_st 100% | пакетов 320
[06:09:30] att=0.17 rel=0.00 | em_st 100% | пакетов 352
[06:09:40] att=0.00 rel=0.00 | em_st 100% | пакетов 375
[06:09:50] att=0.12 rel=0.00 | em_st 100% | пакетов 406
[06:10:00] att=0.11 rel=0.00 | em_st 100% | пакетов 431
[06:10:10] att=0.05 rel=0.00 | em_st 100% | пакетов 459
[06:10:20] att=0.04 rel=0.00 | em_st 100% | пакетов 488
[06:10:31] att=0.11 rel=0.12 | em_st 100% | пакетов 515
[06:10:41] att=0.04 rel=0.00 | em_st 100% | пакетов 546
[06:10:51] att=0.05 rel=0.00 | em_st 100% | пакетов 575
[06:11:02] att=0.00 rel=0.08 | em_st 100% | пакетов 604
[06:11:12] att=0.12 rel=0.01 | em_st 100% | пакетов 637
[06:11:22] att=0.12 rel=0.01 | em_st 100% | пакетов 671
[06:11:33] att=0.01 rel=0.00 | em_st 100% | пакетов 703
[06:11:43] att=0.04 rel=0.00 | em_st 100% | пакетов 732
[06:11:48] заряд: 76%
[06:11:53] att=0.00 rel=0.04 | em_st 100% | пакетов 762
[06:12:03] att=0.00 rel=0.04 | em_st 100% | пакетов 798
[06:12:13] att=0.00 rel=0.04 | em_st 100% | пакетов 833
[06:12:23] att=0.00 rel=0.04 | em_st 100% | пакетов 865
[06:12:33] att=0.00 rel=0.04 | em_st 100% | пакетов 899
[06:12:44] att=0.00 rel=0.04 | em_st 100% | пакетов 932
[06:12:58] СИГНАЛ ЗАМЕР (>8с, бэнд «жив», но данных нет) — реконнект
[06:12:59] состояние бенда: SensorState.StateOutOfRange
[06:13:00] ищу нейробенд (Bluetooth) addr~f7:14:0e:fe:9d:20...
[06:13:31] бенд не найден — повтор через 5с
[06:13:36] ищу нейробенд (Bluetooth) addr~f7:14:0e:fe:9d:20...
[06:14:11] бенд не найден — повтор через 5с
[06:14:16] ищу нейробенд (Bluetooth) addr~f7:14:0e:fe:9d:20...
[06:14:48] бенд не найден — повтор через 5с
[06:14:53] ищу нейробенд (Bluetooth) addr~f7:14:0e:fe:9d:20...
[06:15:24] бенд не найден — повтор через 5с
[06:15:29] ищу нейробенд (Bluetooth) addr~f7:14:0e:fe:9d:20...
[06:16:00] бенд не найден — повтор через 5с
[06:16:05] ищу нейробенд (Bluetooth) addr~f7:14:0e:fe:9d:20...
[06:16:36] бенд не найден — повтор через 5с
[06:16:41] ищу нейробенд (Bluetooth) addr~f7:14:0e:fe:9d:20...
[06:17:12] бенд не найден — повтор через 5с
[06:17:17] ищу нейробенд (Bluetooth) addr~f7:14:0e:fe:9d:20...
[06:17:48] бенд не найден — повтор через 5с
[06:17:53] ищу нейробенд (Bluetooth) addr~f7:14:0e:fe:9d:20...
[06:18:24] бенд не найден — повтор через 5с
[06:18:29] ищу нейробенд (Bluetooth) addr~f7:14:0e:fe:9d:20...
[06:19:01] бенд не найден — повтор через 5с
[06:19:06] ищу нейробенд (Bluetooth) addr~f7:14:0e:fe:9d:20...
[06:19:37] бенд не найден — повтор через 5с
[06:19:42] ищу нейробенд (Bluetooth) addr~f7:14:0e:fe:9d:20...
[06:20:13] бенд не найден — повтор через 5с
[06:20:18] ищу нейробенд (Bluetooth) addr~f7:14:0e:fe:9d:20...
[06:20:49] бенд не найден — повтор через 5с
[06:20:54] ищу нейробенд (Bluetooth) addr~f7:14:0e:fe:9d:20...
[06:21:25] бенд не найден — повтор через 5с
[06:21:30] ищу нейробенд (Bluetooth) addr~f7:14:0e:fe:9d:20...
[06:22:01] бенд не найден — повтор через 5с
[06:22:06] ищу нейробенд (Bluetooth) addr~f7:14:0e:fe:9d:20...
[06:22:37] бенд не найден — повтор через 5с
[06:22:42] ищу нейробенд (Bluetooth) addr~f7:14:0e:fe:9d:20...
[06:23:13] бенд не найден — повтор через 5с
[06:23:18] ищу нейробенд (Bluetooth) addr~f7:14:0e:fe:9d:20...
[06:23:50] бенд не найден — повтор через 5с
[06:23:55] ищу нейробенд (Bluetooth) addr~f7:14:0e:fe:9d:20...
[06:24:26] бенд не найден — повтор через 5с
[06:24:31] ищу нейробенд (Bluetooth) addr~f7:14:0e:fe:9d:20...
[06:25:02] бенд не найден — повтор через 5с
[06:25:07] ищу нейробенд (Bluetooth) addr~f7:14:0e:fe:9d:20...
[06:25:38] бенд не найден — повтор через 5с
[06:25:43] ищу нейробенд (Bluetooth) addr~f7:14:0e:fe:9d:20...
[06:26:14] бенд не найден — повтор через 5с
[06:26:19] ищу нейробенд (Bluetooth) addr~f7:14:0e:fe:9d:20...
[06:26:50] бенд не найден — повтор через 5с
[06:26:55] ищу нейробенд (Bluetooth) addr~f7:14:0e:fe:9d:20...
[06:27:26] бенд не найден — повтор через 5с
[06:27:31] ищу нейробенд (Bluetooth) addr~f7:14:0e:fe:9d:20...
[06:28:02] бенд не найден — повтор через 5с
[06:28:07] ищу нейробенд (Bluetooth) addr~f7:14:0e:fe:9d:20...
[06:28:39] бенд не найден — повтор через 5с
[06:28:44] ищу нейробенд (Bluetooth) addr~f7:14:0e:fe:9d:20...
[06:29:15] бенд не найден — повтор через 5с
[06:29:20] ищу нейробенд (Bluetooth) addr~f7:14:0e:fe:9d:20...
[06:29:51] бенд не найден — повтор через 5с
[06:29:56] ищу нейробенд (Bluetooth) addr~f7:14:0e:fe:9d:20...
[06:30:27] бенд не найден — повтор через 5с
[06:30:32] ищу нейробенд (Bluetooth) addr~f7:14:0e:fe:9d:20...
[06:31:03] бенд не найден — повтор через 5с
[06:31:08] ищу нейробенд (Bluetooth) addr~f7:14:0e:fe:9d:20...
[06:31:39] бенд не найден — повтор через 5с
[06:31:44] ищу нейробенд (Bluetooth) addr~f7:14:0e:fe:9d:20...
[06:31:53] найден Headband, подключаюсь...
[06:32:07] заряд: 75%
[06:32:07] сигнал пошёл; метрики идут СРАЗУ (калибровка вплетётся фоном)
[06:32:15] СИГНАЛ ЗАМЕР (>8с, бэнд «жив», но данных нет) — реконнект
[06:32:18] состояние бенда: SensorState.StateOutOfRange
[06:32:19] ищу нейробенд (Bluetooth) addr~f7:14:0e:fe:9d:20...
[06:32:50] бенд не найден — повтор через 5с
[06:32:55] ищу нейробенд (Bluetooth) addr~f7:14:0e:fe:9d:20...
[06:33:11] найден Headband, подключаюсь...
[06:33:19] заряд: 75%
[06:33:21] сигнал пошёл; метрики идут СРАЗУ (калибровка вплетётся фоном)
[06:33:35] att=0.50 rel=0.50 | калибровка 0% (фон) | пакетов 948
[06:33:46] att=0.50 rel=0.50 | калибровка 0% (фон) | пакетов 967
[06:33:56] att=0.50 rel=0.50 | калибровка 0% (фон) | пакетов 983
[06:34:06] att=0.50 rel=0.50 | калибровка 0% (фон) | пакетов 1001
[06:34:17] att=0.50 rel=0.50 | калибровка 0% (фон) | пакетов 1017
[06:34:31] СИГНАЛ ЗАМЕР (>8с, бэнд «жив», но данных нет) — реконнект
[06:34:32] состояние бенда: SensorState.StateOutOfRange
[06:34:33] ищу нейробенд (Bluetooth) addr~f7:14:0e:fe:9d:20...
[06:35:04] бенд не найден — повтор через 5с
[06:35:09] ищу нейробенд (Bluetooth) addr~f7:14:0e:fe:9d:20...
[06:35:40] бенд не найден — повтор через 5с
[06:35:45] ищу нейробенд (Bluetooth) addr~f7:14:0e:fe:9d:20...
[06:36:16] бенд не найден — повтор через 5с
[06:36:21] ищу нейробенд (Bluetooth) addr~f7:14:0e:fe:9d:20...
[06:36:37] найден Headband, подключаюсь...
[06:37:11] сбой сессии: Code 108. Message:Can not read Serial number — переподключение 3с
[06:37:14] ищу нейробенд (Bluetooth) addr~f7:14:0e:fe:9d:20...
[06:37:45] бенд не найден — повтор через 5с
[06:37:50] ищу нейробенд (Bluetooth) addr~f7:14:0e:fe:9d:20...
[06:38:15] найден Headband, подключаюсь...
[06:38:39] сбой сессии: Code 108. Message:Can not read Serial number — переподключение 3с
[06:38:42] ищу нейробенд (Bluetooth) addr~f7:14:0e:fe:9d:20...
[06:39:13] бенд не найден — повтор через 5с
[06:39:18] ищу нейробенд (Bluetooth) addr~f7:14:0e:fe:9d:20...
[06:39:29] найден Headband, подключаюсь...
[06:39:48] сбой сессии: Code 108. Message:Can not read Serial number — переподключение 3с
[06:39:51] ищу нейробенд (Bluetooth) addr~f7:14:0e:fe:9d:20...
[06:40:23] бенд не найден — повтор через 5с
[06:40:28] ищу нейробенд (Bluetooth) addr~f7:14:0e:fe:9d:20...
[06:40:59] бенд не найден — повтор через 5с
[06:41:04] ищу нейробенд (Bluetooth) addr~f7:14:0e:fe:9d:20...
[06:41:35] бенд не найден — повтор через 5с
[06:41:40] ищу нейробенд (Bluetooth) addr~f7:14:0e:fe:9d:20...
[06:42:11] бенд не найден — повтор через 5с
[06:42:16] ищу нейробенд (Bluetooth) addr~f7:14:0e:fe:9d:20...
[06:42:47] бенд не найден — повтор через 5с
[06:42:52] ищу нейробенд (Bluetooth) addr~f7:14:0e:fe:9d:20...
[06:43:21] найден Headband, подключаюсь...
[06:44:09] сбой сессии: Code 108. Message:Can not read Serial number — переподключение 3с
[06:44:12] ищу нейробенд (Bluetooth) addr~f7:14:0e:fe:9d:20...
[06:44:42] найден Headband, подключаюсь...
[06:45:07] сбой сессии: Code 108. Message:Can not read Serial number — переподключение 3с
[06:45:10] ищу нейробенд (Bluetooth) addr~f7:14:0e:fe:9d:20...
[06:45:16] найден Headband, подключаюсь...
[06:45:24] заряд: 74%
[06:45:25] сигнал пошёл; метрики идут СРАЗУ (калибровка вплетётся фоном)
[06:45:28] att=0.50 rel=0.50 | калибровка 0% (фон) | пакетов 1022
[06:45:38] att=0.50 rel=0.50 | калибровка 0% (фон) | пакетов 1056
[06:45:48] att=0.50 rel=0.50 | калибровка 0% (фон) | пакетов 1087
[06:45:58] att=0.50 rel=0.50 | калибровка 0% (фон) | пакетов 1119
[06:46:09] att=0.50 rel=0.50 | калибровка 0% (фон) | пакетов 1152
[06:46:19] att=0.50 rel=0.50 | калибровка 0% (фон) | пакетов 1184
[06:46:29] att=0.50 rel=0.50 | калибровка 0% (фон) | пакетов 1216
[06:46:39] att=0.50 rel=0.50 | калибровка 0% (фон) | пакетов 1248
[06:46:49] att=0.50 rel=0.50 | калибровка 0% (фон) | пакетов 1280
[06:47:00] att=0.50 rel=0.50 | калибровка 0% (фон) | пакетов 1312
[06:47:10] att=0.50 rel=0.50 | калибровка 0% (фон) | пакетов 1343
[06:47:18] заряд: 73%
[06:47:20] att=0.50 rel=0.50 | калибровка 0% (фон) | пакетов 1374
[06:47:30] att=0.50 rel=0.50 | калибровка 0% (фон) | пакетов 1405
[06:47:40] att=0.50 rel=0.50 | калибровка 0% (фон) | пакетов 1439
[06:47:50] att=0.50 rel=0.50 | калибровка 0% (фон) | пакетов 1470
[06:48:00] att=0.50 rel=0.50 | калибровка 0% (фон) | пакетов 1501
[06:48:10] att=0.50 rel=0.50 | калибровка 0% (фон) | пакетов 1533
[06:48:20] att=0.50 rel=0.50 | калибровка 0% (фон) | пакетов 1564
[06:48:31] att=0.50 rel=0.50 | калибровка 0% (фон) | пакетов 1596
[06:48:41] att=0.50 rel=0.50 | калибровка 0% (фон) | пакетов 1627
[06:48:51] att=0.50 rel=0.50 | калибровка 0% (фон) | пакетов 1658
[06:49:01] att=0.50 rel=0.50 | калибровка 0% (фон) | пакетов 1689
[06:49:11] att=0.50 rel=0.50 | калибровка 0% (фон) | пакетов 1721
[06:49:21] att=0.50 rel=0.50 | калибровка 0% (фон) | пакетов 1754
[06:49:31] att=0.50 rel=0.50 | калибровка 0% (фон) | пакетов 1786
[06:49:41] att=0.50 rel=0.50 | калибровка 0% (фон) | пакетов 1817
[06:49:52] att=0.50 rel=0.50 | калибровка 0% (фон) | пакетов 1849
[06:50:02] att=0.50 rel=0.50 | калибровка 0% (фон) | пакетов 1882
[06:50:12] att=0.50 rel=0.50 | калибровка 0% (фон) | пакетов 1915
[06:50:22] att=0.50 rel=0.50 | калибровка 0% (фон) | пакетов 1948
[06:50:32] att=0.50 rel=0.50 | калибровка 0% (фон) | пакетов 1980
[06:50:43] att=0.50 rel=0.50 | калибровка 0% (фон) | пакетов 2013
[06:50:53] att=0.50 rel=0.50 | калибровка 0% (фон) | пакетов 2045
[06:51:03] att=0.50 rel=0.50 | калибровка 0% (фон) | пакетов 2075
[06:51:13] att=0.50 rel=0.50 | калибровка 0% (фон) | пакетов 2107
[06:51:23] att=0.50 rel=0.50 | калибровка 0% (фон) | пакетов 2139
[06:51:33] att=0.50 rel=0.50 | калибровка 0% (фон) | пакетов 2172
[06:51:43] att=0.50 rel=0.50 | калибровка 0% (фон) | пакетов 2203
[06:51:54] att=0.50 rel=0.50 | калибровка 0% (фон) | пакетов 2236
[06:52:04] att=0.50 rel=0.50 | калибровка 0% (фон) | пакетов 2267
[06:52:14] att=0.50 rel=0.50 | калибровка 0% (фон) | пакетов 2300
[06:52:24] att=0.50 rel=0.50 | калибровка 0% (фон) | пакетов 2332
[06:52:34] att=0.50 rel=0.50 | калибровка 0% (фон) | пакетов 2365
[06:52:44] att=0.50 rel=0.50 | калибровка 0% (фон) | пакетов 2397
[06:52:55] att=0.50 rel=0.50 | калибровка 0% (фон) | пакетов 2428
[06:53:05] att=0.50 rel=0.50 | калибровка 0% (фон) | пакетов 2459
[06:53:15] att=0.50 rel=0.50 | калибровка 0% (фон) | пакетов 2491
[06:53:25] att=0.50 rel=0.50 | калибровка 0% (фон) | пакетов 2523
[06:53:36] att=0.50 rel=0.50 | калибровка 0% (фон) | пакетов 2556
[06:53:46] att=0.50 rel=0.50 | калибровка 0% (фон) | пакетов 2588
[06:53:56] att=0.50 rel=0.50 | калибровка 0% (фон) | пакетов 2619
[06:54:06] att=0.50 rel=0.50 | калибровка 0% (фон) | пакетов 2651
[06:54:16] att=0.50 rel=0.50 | калибровка 0% (фон) | пакетов 2684
[06:54:24] заряд: 72%
[06:54:26] att=0.50 rel=0.50 | калибровка 0% (фон) | пакетов 2716
[06:54:37] att=0.50 rel=0.50 | калибровка 0% (фон) | пакетов 2749
[06:54:47] att=0.50 rel=0.50 | калибровка 0% (фон) | пакетов 2781
[06:54:57] att=0.50 rel=0.50 | калибровка 0% (фон) | пакетов 2812
[06:55:07] att=0.50 rel=0.50 | калибровка 0% (фон) | пакетов 2844
[06:55:17] att=0.50 rel=0.50 | калибровка 0% (фон) | пакетов 2877
[06:55:27] att=0.50 rel=0.50 | калибровка 0% (фон) | пакетов 2909
[06:55:38] att=0.50 rel=0.50 | калибровка 0% (фон) | пакетов 2942
[06:55:48] att=0.50 rel=0.50 | калибровка 0% (фон) | пакетов 2975
[06:55:58] att=0.50 rel=0.50 | калибровка 0% (фон) | пакетов 3008
[06:56:08] att=0.50 rel=0.50 | калибровка 0% (фон) | пакетов 3039
[06:56:18] att=0.50 rel=0.50 | калибровка 0% (фон) | пакетов 3071
[06:56:28] att=0.50 rel=0.50 | калибровка 0% (фон) | пакетов 3102
[06:56:38] att=0.50 rel=0.50 | калибровка 0% (фон) | пакетов 3134
[06:56:49] att=0.50 rel=0.50 | калибровка 0% (фон) | пакетов 3166
[06:56:59] att=0.50 rel=0.50 | калибровка 0% (фон) | пакетов 3198
[06:57:09] att=0.50 rel=0.50 | калибровка 0% (фон) | пакетов 3228
[06:57:19] att=0.50 rel=0.50 | калибровка 0% (фон) | пакетов 3260
[06:57:29] att=0.50 rel=0.50 | калибровка 0% (фон) | пакетов 3293
[06:57:40] att=0.50 rel=0.50 | калибровка 0% (фон) | пакетов 3326
[06:57:50] att=0.50 rel=0.50 | калибровка 0% (фон) | пакетов 3355
[06:58:00] att=0.50 rel=0.50 | калибровка 0% (фон) | пакетов 3387
[06:58:10] att=0.50 rel=0.50 | калибровка 0% (фон) | пакетов 3420
[06:58:20] att=0.50 rel=0.50 | калибровка 0% (фон) | пакетов 3453
[06:58:31] att=0.50 rel=0.50 | калибровка 0% (фон) | пакетов 3485
[06:58:41] att=0.50 rel=0.50 | калибровка 0% (фон) | пакетов 3518
[06:58:59] СИГНАЛ ЗАМЕР (>8с, бэнд «жив», но данных нет) — реконнект
[06:59:00] состояние бенда: SensorState.StateOutOfRange
[06:59:01] ищу нейробенд (Bluetooth) addr~f7:14:0e:fe:9d:20...
[06:59:05] найден Headband, подключаюсь...
[06:59:12] заряд: 72%
[06:59:12] сигнал пошёл; метрики идут СРАЗУ (калибровка вплетётся фоном)
[06:59:14] att=0.50 rel=0.50 | калибровка 0% (фон) | пакетов 3548
[06:59:25] att=0.50 rel=0.50 | калибровка 0% (фон) | пакетов 3580
[06:59:35] att=0.50 rel=0.50 | калибровка 0% (фон) | пакетов 3613
[06:59:45] att=0.50 rel=0.50 | калибровка 0% (фон) | пакетов 3645
[06:59:55] att=0.50 rel=0.50 | калибровка 0% (фон) | пакетов 3676
[07:00:05] att=0.50 rel=0.50 | калибровка 0% (фон) | пакетов 3708
[07:00:15] att=0.50 rel=0.50 | калибровка 0% (фон) | пакетов 3740
[07:00:25] att=0.50 rel=0.50 | калибровка 0% (фон) | пакетов 3771
[07:00:35] att=0.50 rel=0.50 | калибровка 0% (фон) | пакетов 3803
[07:00:45] att=0.50 rel=0.50 | калибровка 0% (фон) | пакетов 3835
[07:00:53] заряд: 71%
[07:00:55] att=0.50 rel=0.50 | калибровка 0% (фон) | пакетов 3867
[07:01:05] att=0.50 rel=0.50 | калибровка 0% (фон) | пакетов 3897
[07:01:16] att=0.50 rel=0.50 | калибровка 0% (фон) | пакетов 3928
[07:01:26] att=0.50 rel=0.50 | калибровка 0% (фон) | пакетов 3961
[07:01:36] att=0.50 rel=0.50 | калибровка 0% (фон) | пакетов 3994
[07:01:46] att=0.50 rel=0.50 | калибровка 0% (фон) | пакетов 4027
[07:01:56] att=0.50 rel=0.50 | калибровка 0% (фон) | пакетов 4059
[07:02:06] att=0.50 rel=0.50 | калибровка 0% (фон) | пакетов 4090
[07:02:16] att=0.50 rel=0.50 | калибровка 0% (фон) | пакетов 4122
[07:02:26] att=0.50 rel=0.50 | калибровка 0% (фон) | пакетов 4154
[07:02:36] att=0.50 rel=0.50 | калибровка 0% (фон) | пакетов 4185
[07:02:46] att=0.50 rel=0.50 | калибровка 0% (фон) | пакетов 4217
[07:02:56] att=0.50 rel=0.50 | калибровка 0% (фон) | пакетов 4249
[07:03:06] att=0.50 rel=0.50 | калибровка 0% (фон) | пакетов 4281
[07:03:17] att=0.50 rel=0.50 | калибровка 0% (фон) | пакетов 4314
[07:03:27] att=0.50 rel=0.50 | калибровка 0% (фон) | пакетов 4345
[07:03:37] att=0.50 rel=0.50 | калибровка 0% (фон) | пакетов 4377
[07:03:47] att=0.50 rel=0.50 | калибровка 0% (фон) | пакетов 4408
[07:03:57] att=0.50 rel=0.50 | калибровка 0% (фон) | пакетов 4441
[07:04:07] att=0.50 rel=0.50 | калибровка 0% (фон) | пакетов 4473
[07:04:18] att=0.50 rel=0.50 | калибровка 0% (фон) | пакетов 4506
[07:04:28] att=0.50 rel=0.50 | калибровка 0% (фон) | пакетов 4539
[07:04:38] att=0.50 rel=0.50 | калибровка 0% (фон) | пакетов 4572
[07:04:48] att=0.50 rel=0.50 | калибровка 0% (фон) | пакетов 4605
[07:04:58] att=0.50 rel=0.50 | калибровка 0% (фон) | пакетов 4637
[07:05:08] att=0.50 rel=0.50 | калибровка 0% (фон) | пакетов 4669
[07:05:19] att=0.50 rel=0.50 | калибровка 0% (фон) | пакетов 4702
[07:05:29] att=0.50 rel=0.50 | калибровка 0% (фон) | пакетов 4736
[07:05:39] att=0.50 rel=0.50 | калибровка 0% (фон) | пакетов 4768
[07:05:49] att=0.50 rel=0.50 | калибровка 0% (фон) | пакетов 4800
[07:05:59] att=0.50 rel=0.50 | калибровка 0% (фон) | пакетов 4832
[07:06:10] att=0.50 rel=0.50 | калибровка 0% (фон) | пакетов 4863
[07:06:20] att=0.50 rel=0.50 | калибровка 0% (фон) | пакетов 4896
[07:06:30] att=0.50 rel=0.50 | калибровка 0% (фон) | пакетов 4929
[07:06:40] att=0.50 rel=0.50 | калибровка 0% (фон) | пакетов 4961
[07:06:50] att=0.50 rel=0.50 | калибровка 0% (фон) | пакетов 4994
[07:07:01] att=0.50 rel=0.50 | калибровка 0% (фон) | пакетов 5026
[07:07:11] att=0.50 rel=0.50 | калибровка 0% (фон) | пакетов 5058
[07:07:22] att=0.50 rel=0.50 | калибровка 0% (фон) | пакетов 5091
[07:07:32] att=0.50 rel=0.50 | калибровка 0% (фон) | пакетов 5123
[07:07:42] att=0.50 rel=0.50 | калибровка 0% (фон) | пакетов 5156
[07:07:52] att=0.50 rel=0.50 | калибровка 0% (фон) | пакетов 5187
[07:08:02] att=0.50 rel=0.50 | калибровка 0% (фон) | пакетов 5220
[07:08:12] att=0.50 rel=0.50 | калибровка 0% (фон) | пакетов 5253
[07:08:22] att=0.50 rel=0.50 | калибровка 0% (фон) | пакетов 5285
[07:08:32] att=0.50 rel=0.50 | калибровка 0% (фон) | пакетов 5317
[07:08:43] att=0.50 rel=0.50 | калибровка 0% (фон) | пакетов 5349
[07:08:53] att=0.50 rel=0.50 | калибровка 0% (фон) | пакетов 5381
[07:09:03] att=0.50 rel=0.50 | калибровка 0% (фон) | пакетов 5412
[07:09:13] att=0.50 rel=0.50 | калибровка 0% (фон) | пакетов 5443
[07:09:23] att=0.50 rel=0.50 | калибровка 0% (фон) | пакетов 5476
[07:09:33] att=0.50 rel=0.50 | калибровка 0% (фон) | пакетов 5507
[07:09:43] att=0.50 rel=0.50 | калибровка 0% (фон) | пакетов 5539
[07:09:53] att=0.50 rel=0.50 | калибровка 0% (фон) | пакетов 5571
[07:10:03] att=0.50 rel=0.50 | калибровка 0% (фон) | пакетов 5602
[07:10:13] att=0.50 rel=0.50 | калибровка 0% (фон) | пакетов 5634
[07:10:24] att=0.50 rel=0.50 | калибровка 0% (фон) | пакетов 5667
[07:10:34] att=0.50 rel=0.50 | калибровка 0% (фон) | пакетов 5699
[07:10:44] att=0.50 rel=0.50 | калибровка 0% (фон) | пакетов 5731
[07:10:54] att=0.50 rel=0.50 | калибровка 0% (фон) | пакетов 5763
[07:11:04] att=0.50 rel=0.50 | калибровка 0% (фон) | пакетов 5796
[07:11:14] att=0.50 rel=0.50 | калибровка 0% (фон) | пакетов 5828
[07:11:25] att=0.50 rel=0.50 | калибровка 0% (фон) | пакетов 5860
[07:11:26] заряд: 70%
[07:11:35] att=0.50 rel=0.50 | калибровка 0% (фон) | пакетов 5892
[07:11:45] att=0.50 rel=0.50 | калибровка 0% (фон) | пакетов 5925
[07:11:55] att=0.50 rel=0.50 | калибровка 0% (фон) | пакетов 5957
[07:12:05] att=0.50 rel=0.50 | калибровка 0% (фон) | пакетов 5988
[07:12:16] att=0.50 rel=0.50 | калибровка 0% (фон) | пакетов 6018
[07:12:26] att=0.50 rel=0.50 | калибровка 0% (фон) | пакетов 6050
[07:12:36] att=0.50 rel=0.50 | калибровка 0% (фон) | пакетов 6082
[07:12:46] att=0.50 rel=0.50 | калибровка 0% (фон) | пакетов 6114
[07:12:56] att=0.50 rel=0.50 | калибровка 0% (фон) | пакетов 6146
[07:13:06] att=0.50 rel=0.50 | калибровка 0% (фон) | пакетов 6175
[07:13:17] att=0.50 rel=0.50 | калибровка 0% (фон) | пакетов 6208
[07:13:27] att=0.50 rel=0.50 | калибровка 0% (фон) | пакетов 6241
[07:13:37] att=0.50 rel=0.50 | калибровка 0% (фон) | пакетов 6273
[07:13:47] att=0.50 rel=0.50 | калибровка 0% (фон) | пакетов 6306
[07:13:57] att=0.50 rel=0.50 | калибровка 0% (фон) | пакетов 6335
[07:14:07] att=0.50 rel=0.50 | калибровка 0% (фон) | пакетов 6367
[07:14:17] att=0.50 rel=0.50 | калибровка 0% (фон) | пакетов 6398
[07:14:27] att=0.50 rel=0.50 | калибровка 0% (фон) | пакетов 6430
[07:14:37] att=0.50 rel=0.50 | калибровка 0% (фон) | пакетов 6461
[07:14:47] att=0.50 rel=0.50 | калибровка 0% (фон) | пакетов 6493
[07:14:58] att=0.50 rel=0.50 | калибровка 0% (фон) | пакетов 6525
[07:15:08] att=0.50 rel=0.50 | калибровка 0% (фон) | пакетов 6555
[07:15:18] att=0.50 rel=0.50 | калибровка 0% (фон) | пакетов 6586
[07:15:28] att=0.50 rel=0.50 | калибровка 0% (фон) | пакетов 6619
[07:15:38] att=0.50 rel=0.50 | калибровка 0% (фон) | пакетов 6651
[07:15:48] att=0.50 rel=0.50 | калибровка 0% (фон) | пакетов 6684
[07:15:58] att=0.50 rel=0.50 | калибровка 0% (фон) | пакетов 6716
[07:16:08] att=0.50 rel=0.50 | калибровка 0% (фон) | пакетов 6747
[07:16:18] att=0.50 rel=0.50 | калибровка 0% (фон) | пакетов 6778
[07:16:27] заряд: 69%
[07:16:29] att=0.50 rel=0.50 | калибровка 0% (фон) | пакетов 6811
[07:16:39] att=0.50 rel=0.50 | калибровка 0% (фон) | пакетов 6843
[07:16:49] att=0.50 rel=0.50 | калибровка 0% (фон) | пакетов 6875
[07:16:59] att=0.50 rel=0.50 | калибровка 0% (фон) | пакетов 6908
[07:17:09] att=0.50 rel=0.50 | калибровка 0% (фон) | пакетов 6938
[07:17:19] att=0.50 rel=0.50 | калибровка 0% (фон) | пакетов 6970
[07:17:29] att=0.50 rel=0.50 | калибровка 0% (фон) | пакетов 7001
[07:17:40] att=0.50 rel=0.50 | калибровка 0% (фон) | пакетов 7032
[07:17:50] att=0.50 rel=0.50 | калибровка 0% (фон) | пакетов 7064
[07:18:00] att=0.50 rel=0.50 | калибровка 0% (фон) | пакетов 7095
[07:18:10] att=0.50 rel=0.50 | калибровка 0% (фон) | пакетов 7128
[07:18:20] att=0.50 rel=0.50 | калибровка 0% (фон) | пакетов 7160
[07:18:30] att=0.50 rel=0.50 | калибровка 0% (фон) | пакетов 7192
[07:18:40] att=0.50 rel=0.50 | калибровка 0% (фон) | пакетов 7225
[07:18:50] att=0.50 rel=0.50 | калибровка 0% (фон) | пакетов 7257
[07:19:01] att=0.50 rel=0.50 | калибровка 0% (фон) | пакетов 7289
[07:19:11] att=0.50 rel=0.50 | калибровка 0% (фон) | пакетов 7319
[07:19:21] att=0.50 rel=0.50 | калибровка 0% (фон) | пакетов 7352
[07:19:31] att=0.50 rel=0.50 | калибровка 0% (фон) | пакетов 7384
[07:19:41] att=0.50 rel=0.50 | калибровка 0% (фон) | пакетов 7416
[07:19:52] att=0.50 rel=0.50 | калибровка 0% (фон) | пакетов 7449
[07:20:02] att=0.50 rel=0.50 | калибровка 0% (фон) | пакетов 7482
[07:20:12] att=0.50 rel=0.50 | калибровка 0% (фон) | пакетов 7514
[07:20:22] att=0.50 rel=0.50 | калибровка 0% (фон) | пакетов 7547
[07:20:32] att=0.50 rel=0.50 | калибровка 0% (фон) | пакетов 7578
[07:20:42] att=0.50 rel=0.50 | калибровка 0% (фон) | пакетов 7608
[07:20:53] att=0.50 rel=0.50 | калибровка 0% (фон) | пакетов 7640
[07:21:03] att=0.50 rel=0.50 | калибровка 0% (фон) | пакетов 7671
[07:21:13] att=0.50 rel=0.50 | калибровка 0% (фон) | пакетов 7703
[07:21:23] att=0.50 rel=0.50 | калибровка 0% (фон) | пакетов 7736
[07:21:33] att=0.50 rel=0.50 | калибровка 0% (фон) | пакетов 7769
[07:21:44] att=0.50 rel=0.50 | калибровка 0% (фон) | пакетов 7801
[07:21:54] att=0.50 rel=0.50 | калибровка 0% (фон) | пакетов 7833
[07:22:04] att=0.50 rel=0.50 | калибровка 0% (фон) | пакетов 7866
[07:22:14] att=0.50 rel=0.50 | калибровка 0% (фон) | пакетов 7899
[07:22:24] att=0.50 rel=0.50 | калибровка 0% (фон) | пакетов 7931
[07:22:34] att=0.50 rel=0.50 | калибровка 0% (фон) | пакетов 7961
[07:22:44] att=0.50 rel=0.50 | калибровка 0% (фон) | пакетов 7992
[07:22:54] att=0.50 rel=0.50 | калибровка 0% (фон) | пакетов 8024
[07:23:05] att=0.50 rel=0.50 | калибровка 0% (фон) | пакетов 8055
[07:23:15] att=0.50 rel=0.50 | калибровка 0% (фон) | пакетов 8088
[07:23:25] att=0.50 rel=0.50 | калибровка 0% (фон) | пакетов 8120
[07:23:35] att=0.50 rel=0.50 | калибровка 0% (фон) | пакетов 8152
[07:23:45] att=0.50 rel=0.50 | калибровка 0% (фон) | пакетов 8184
[07:23:55] att=0.50 rel=0.50 | калибровка 0% (фон) | пакетов 8216
[07:24:05] att=0.50 rel=0.50 | калибровка 0% (фон) | пакетов 8248
[07:24:15] att=0.50 rel=0.50 | калибровка 0% (фон) | пакетов 8280
[07:24:25] att=0.50 rel=0.50 | калибровка 0% (фон) | пакетов 8312
[07:24:31] заряд: 68%
[07:24:36] att=0.50 rel=0.50 | калибровка 0% (фон) | пакетов 8345
[07:24:46] att=0.50 rel=0.50 | калибровка 0% (фон) | пакетов 8377
[07:24:56] att=0.50 rel=0.50 | калибровка 0% (фон) | пакетов 8410
[07:25:06] att=0.50 rel=0.50 | калибровка 0% (фон) | пакетов 8442
[07:25:16] att=0.50 rel=0.50 | калибровка 0% (фон) | пакетов 8474
[07:25:26] att=0.50 rel=0.50 | калибровка 0% (фон) | пакетов 8505
[07:25:37] att=0.50 rel=0.50 | калибровка 0% (фон) | пакетов 8538
[07:25:47] att=0.50 rel=0.50 | калибровка 0% (фон) | пакетов 8570
[07:25:57] att=0.50 rel=0.50 | калибровка 0% (фон) | пакетов 8601
[07:26:07] att=0.50 rel=0.50 | калибровка 0% (фон) | пакетов 8633
[07:26:17] att=0.50 rel=0.50 | калибровка 0% (фон) | пакетов 8665
[07:26:28] att=0.50 rel=0.50 | калибровка 0% (фон) | пакетов 8698
[07:26:38] att=0.50 rel=0.50 | калибровка 0% (фон) | пакетов 8730
[07:26:48] att=0.50 rel=0.50 | калибровка 0% (фон) | пакетов 8763
[07:26:58] att=0.50 rel=0.50 | калибровка 0% (фон) | пакетов 8795
[07:27:08] att=0.50 rel=0.50 | калибровка 0% (фон) | пакетов 8824
[07:27:18] att=0.50 rel=0.50 | калибровка 0% (фон) | пакетов 8856
[07:27:28] att=0.50 rel=0.50 | калибровка 0% (фон) | пакетов 8887
[07:27:38] att=0.50 rel=0.50 | калибровка 0% (фон) | пакетов 8919
[07:27:49] att=0.50 rel=0.50 | калибровка 0% (фон) | пакетов 8953
[07:27:59] att=0.50 rel=0.50 | калибровка 0% (фон) | пакетов 8984
[07:28:09] att=0.50 rel=0.50 | калибровка 0% (фон) | пакетов 9016
[07:28:19] att=0.50 rel=0.50 | калибровка 0% (фон) | пакетов 9049
[07:28:29] att=0.50 rel=0.50 | калибровка 0% (фон) | пакетов 9080
[07:28:37] заряд: 67%
[07:28:40] att=0.50 rel=0.50 | калибровка 0% (фон) | пакетов 9113
[07:28:50] att=0.50 rel=0.50 | калибровка 0% (фон) | пакетов 9146
[07:29:00] att=0.50 rel=0.50 | калибровка 0% (фон) | пакетов 9175
[07:29:10] att=0.50 rel=0.50 | калибровка 0% (фон) | пакетов 9207
[07:29:21] att=0.50 rel=0.50 | калибровка 0% (фон) | пакетов 9240
[07:29:31] att=0.50 rel=0.50 | калибровка 0% (фон) | пакетов 9272
[07:29:41] att=0.50 rel=0.50 | калибровка 0% (фон) | пакетов 9305
[07:29:51] att=0.50 rel=0.50 | калибровка 0% (фон) | пакетов 9337
[07:30:01] att=0.50 rel=0.50 | калибровка 0% (фон) | пакетов 9369
[07:30:11] att=0.50 rel=0.50 | калибровка 0% (фон) | пакетов 9400
[07:30:21] att=0.50 rel=0.50 | калибровка 0% (фон) | пакетов 9432
[07:30:32] att=0.50 rel=0.50 | калибровка 0% (фон) | пакетов 9465
[07:30:42] att=0.50 rel=0.50 | калибровка 0% (фон) | пакетов 9498
[07:30:52] att=0.50 rel=0.50 | калибровка 0% (фон) | пакетов 9530
[07:31:02] att=0.50 rel=0.50 | калибровка 0% (фон) | пакетов 9562
[07:31:12] att=0.50 rel=0.50 | калибровка 0% (фон) | пакетов 9594
[07:31:23] att=0.50 rel=0.50 | калибровка 0% (фон) | пакетов 9627
[07:31:33] att=0.50 rel=0.50 | калибровка 0% (фон) | пакетов 9660
[07:31:43] att=0.50 rel=0.50 | калибровка 0% (фон) | пакетов 9694
[07:31:53] att=0.50 rel=0.50 | калибровка 0% (фон) | пакетов 9727
[07:32:03] att=0.50 rel=0.50 | калибровка 0% (фон) | пакетов 9761
[07:32:13] att=0.50 rel=0.50 | калибровка 0% (фон) | пакетов 9794
[07:32:23] att=0.50 rel=0.50 | калибровка 0% (фон) | пакетов 9828
[07:32:33] att=0.50 rel=0.50 | калибровка 0% (фон) | пакетов 9861
[07:32:44] att=0.50 rel=0.50 | калибровка 0% (фон) | пакетов 9895
[07:32:54] att=0.50 rel=0.50 | калибровка 0% (фон) | пакетов 9928
[07:33:04] att=0.50 rel=0.50 | калибровка 0% (фон) | пакетов 9961
[07:33:14] att=0.50 rel=0.50 | калибровка 0% (фон) | пакетов 9994
[07:33:24] att=0.50 rel=0.50 | калибровка 0% (фон) | пакетов 10028
[07:33:35] att=0.50 rel=0.50 | калибровка 0% (фон) | пакетов 10061
[07:33:45] att=0.50 rel=0.50 | калибровка 0% (фон) | пакетов 10093
[07:33:55] att=0.50 rel=0.50 | калибровка 0% (фон) | пакетов 10114
[07:34:05] att=0.78 rel=1.00 | калибровка 0% (фон) | пакетов 10136
[07:34:15] att=0.86 rel=0.82 | калибровка 0% (фон) | пакетов 10164
[07:34:25] att=0.71 rel=0.71 | калибровка 28% (фон) | пакетов 10193
[07:34:36] att=0.67 rel=0.66 | калибровка 74% (фон) | пакетов 10220
[07:34:43] === em_st калибровка готова -> плавно вплетаю персональный коэффициент (8с) ===
[07:34:46] att=0.44 rel=0.45 | em_st 39% | пакетов 10248
[07:34:56] att=0.02 rel=0.00 | em_st 100% | пакетов 10275
[07:35:07] att=0.12 rel=0.00 | em_st 100% | пакетов 10305
[07:35:17] att=0.00 rel=0.28 | em_st 100% | пакетов 10332
[07:35:27] att=0.00 rel=0.35 | em_st 100% | пакетов 10356
[07:35:38] att=0.00 rel=0.30 | em_st 100% | пакетов 10381
[07:35:48] att=0.00 rel=0.30 | em_st 100% | пакетов 10411
[07:35:58] att=0.00 rel=0.02 | em_st 100% | пакетов 10439
[07:36:08] att=0.00 rel=0.02 | em_st 100% | пакетов 10467
[07:36:16] заряд: 66%
[07:36:18] att=0.00 rel=0.54 | em_st 100% | пакетов 10499
[07:36:28] att=0.00 rel=0.07 | em_st 100% | пакетов 10530
[07:36:39] att=0.09 rel=0.21 | em_st 100% | пакетов 10560
[07:36:51] СИГНАЛ ЗАМЕР (>8с, бэнд «жив», но данных нет) — реконнект
[07:36:51] состояние бенда: SensorState.StateOutOfRange
[07:36:52] ищу нейробенд (Bluetooth) addr~f7:14:0e:fe:9d:20...
[07:37:23] бенд не найден — повтор через 5с
[07:37:28] ищу нейробенд (Bluetooth) addr~f7:14:0e:fe:9d:20...
[07:37:59] бенд не найден — повтор через 5с
[07:38:04] ищу нейробенд (Bluetooth) addr~f7:14:0e:fe:9d:20...
[07:38:35] бенд не найден — повтор через 5с
[07:38:40] ищу нейробенд (Bluetooth) addr~f7:14:0e:fe:9d:20...
[07:39:11] бенд не найден — повтор через 5с
[07:39:16] ищу нейробенд (Bluetooth) addr~f7:14:0e:fe:9d:20...
[07:39:47] бенд не найден — повтор через 5с
[07:39:52] ищу нейробенд (Bluetooth) addr~f7:14:0e:fe:9d:20...
[07:40:23] бенд не найден — повтор через 5с
[07:40:28] ищу нейробенд (Bluetooth) addr~f7:14:0e:fe:9d:20...
[07:40:59] бенд не найден — повтор через 5с
[07:41:04] ищу нейробенд (Bluetooth) addr~f7:14:0e:fe:9d:20...
[07:41:36] бенд не найден — повтор через 5с
[07:41:41] ищу нейробенд (Bluetooth) addr~f7:14:0e:fe:9d:20...
[07:42:12] бенд не найден — повтор через 5с
[07:42:17] ищу нейробенд (Bluetooth) addr~f7:14:0e:fe:9d:20...
[10:00:44] === Neiry LAN узел v2 -> 192.168.1.34:9003 (мгновенные метрики + фоновая калибровка + 24/7) ===
[10:00:44] ищу нейробенд (Bluetooth) addr~f7:14:0e:fe:9d:20...
[10:01:16] бенд не найден — повтор через 5с
[10:01:21] ищу нейробенд (Bluetooth) addr~f7:14:0e:fe:9d:20...
[10:01:52] бенд не найден — повтор через 5с
[10:01:57] ищу нейробенд (Bluetooth) addr~f7:14:0e:fe:9d:20...
[10:02:31] бенд не найден — повтор через 5с
[10:02:36] ищу нейробенд (Bluetooth) addr~f7:14:0e:fe:9d:20...
[10:03:33] бенд не найден — повтор через 5с
[10:03:38] ищу нейробенд (Bluetooth) addr~f7:14:0e:fe:9d:20...
[10:04:10] бенд не найден — повтор через 5с
[10:04:15] ищу нейробенд (Bluetooth) addr~f7:14:0e:fe:9d:20...
[10:04:35] === Neiry LAN узел v2 -> 192.168.1.34:9003 (мгновенные метрики + фоновая калибровка + 24/7) ===
[10:04:35] ищу нейробенд (Bluetooth) addr~f7:14:0e:fe:9d:20...
[10:04:47] бенд не найден — повтор через 5с
[10:04:52] ищу нейробенд (Bluetooth) addr~f7:14:0e:fe:9d:20...
[10:05:06] бенд не найден — повтор через 5с
[10:05:12] ищу нейробенд (Bluetooth) addr~f7:14:0e:fe:9d:20...
[10:05:27] бенд не найден — повтор через 5с
[10:05:32] ищу нейробенд (Bluetooth) addr~f7:14:0e:fe:9d:20...
[10:05:43] бенд не найден — повтор через 5с
[10:05:48] ищу нейробенд (Bluetooth) addr~f7:14:0e:fe:9d:20...
[10:06:03] бенд не найден — повтор через 5с
[10:06:08] ищу нейробенд (Bluetooth) addr~f7:14:0e:fe:9d:20...
[10:06:19] бенд не найден — повтор через 5с
[10:06:24] ищу нейробенд (Bluetooth) addr~f7:14:0e:fe:9d:20...
[10:06:39] бенд не найден — повтор через 5с
[10:06:44] ищу нейробенд (Bluetooth) addr~f7:14:0e:fe:9d:20...
[10:06:55] бенд не найден — повтор через 5с
[10:07:00] ищу нейробенд (Bluetooth) addr~f7:14:0e:fe:9d:20...
[10:07:15] бенд не найден — повтор через 5с
[10:07:20] ищу нейробенд (Bluetooth) addr~f7:14:0e:fe:9d:20...
[10:07:31] бенд не найден — повтор через 5с
[10:07:36] ищу нейробенд (Bluetooth) addr~f7:14:0e:fe:9d:20...
[10:07:51] бенд не найден — повтор через 5с
[10:07:56] ищу нейробенд (Bluetooth) addr~f7:14:0e:fe:9d:20...
[10:08:07] бенд не найден — повтор через 5с
[10:08:12] ищу нейробенд (Bluetooth) addr~f7:14:0e:fe:9d:20...
[10:08:27] бенд не найден — повтор через 5с
[10:08:33] ищу нейробенд (Bluetooth) addr~f7:14:0e:fe:9d:20...
[10:08:43] бенд не найден — повтор через 5с
[10:08:48] ищу нейробенд (Bluetooth) addr~f7:14:0e:fe:9d:20...
[10:09:04] бенд не найден — повтор через 5с
[10:09:09] ищу нейробенд (Bluetooth) addr~f7:14:0e:fe:9d:20...
[10:09:19] бенд не найден — повтор через 5с
[10:09:24] ищу нейробенд (Bluetooth) addr~f7:14:0e:fe:9d:20...
[10:09:40] бенд не найден — повтор через 5с
[10:09:45] ищу нейробенд (Bluetooth) addr~f7:14:0e:fe:9d:20...
[10:09:57] === Neiry LAN узел v2 -> 192.168.1.34:9003 (мгновенные метрики + фоновая калибровка + 24/7) ===
[10:09:57] ищу нейробенд (Bluetooth) addr~f7:14:0e:fe:9d:20...
[10:10:28] бенд не найден — повтор через 5с
[10:10:33] ищу нейробенд (Bluetooth) addr~f7:14:0e:fe:9d:20...
[10:11:04] бенд не найден — повтор через 5с
[10:11:09] ищу нейробенд (Bluetooth) addr~f7:14:0e:fe:9d:20...
[10:11:40] бенд не найден — повтор через 5с
[10:11:46] ищу нейробенд (Bluetooth) addr~f7:14:0e:fe:9d:20...
[10:12:17] бенд не найден — повтор через 5с
[10:12:22] ищу нейробенд (Bluetooth) addr~f7:14:0e:fe:9d:20...
[10:12:53] бенд не найден — повтор через 5с
[10:12:58] ищу нейробенд (Bluetooth) addr~f7:14:0e:fe:9d:20...
[10:13:29] бенд не найден — повтор через 5с
[10:13:34] ищу нейробенд (Bluetooth) addr~f7:14:0e:fe:9d:20...
[10:14:05] бенд не найден — повтор через 5с
[10:14:10] ищу нейробенд (Bluetooth) addr~f7:14:0e:fe:9d:20...
[10:14:41] бенд не найден — повтор через 5с
[10:14:46] ищу нейробенд (Bluetooth) addr~f7:14:0e:fe:9d:20...
[10:15:17] бенд не найден — повтор через 5с
[10:15:23] ищу нейробенд (Bluetooth) addr~f7:14:0e:fe:9d:20...
[10:15:54] бенд не найден — повтор через 5с
[10:15:59] ищу нейробенд (Bluetooth) addr~f7:14:0e:fe:9d:20...
[10:16:30] бенд не найден — повтор через 5с
[10:16:35] ищу нейробенд (Bluetooth) addr~f7:14:0e:fe:9d:20...
[10:17:07] бенд не найден — повтор через 5с
[10:17:12] ищу нейробенд (Bluetooth) addr~f7:14:0e:fe:9d:20...
[10:17:43] бенд не найден — повтор через 5с
[10:17:48] ищу нейробенд (Bluetooth) addr~f7:14:0e:fe:9d:20...
[10:18:19] бенд не найден — повтор через 5с
[10:18:24] ищу нейробенд (Bluetooth) addr~f7:14:0e:fe:9d:20...
[10:18:56] бенд не найден — повтор через 5с
[10:19:01] ищу нейробенд (Bluetooth) addr~f7:14:0e:fe:9d:20...
[10:19:32] бенд не найден — повтор через 5с
[10:19:37] ищу нейробенд (Bluetooth) addr~f7:14:0e:fe:9d:20...
[10:20:08] бенд не найден — повтор через 5с
[10:20:13] ищу нейробенд (Bluetooth) addr~f7:14:0e:fe:9d:20...
[10:26:31] === Neiry LAN узел v2 -> 192.168.1.34:9003 (мгновенные метрики + фоновая калибровка + 24/7) ===
[10:26:31] ищу нейробенд (Bluetooth) addr~f7:14:0e:fe:9d:20...
[10:27:03] бенд не найден — повтор через 5с
[10:27:08] ищу нейробенд (Bluetooth) addr~f7:14:0e:fe:9d:20...
[10:27:39] бенд не найден — повтор через 5с
[10:27:44] ищу нейробенд (Bluetooth) addr~f7:14:0e:fe:9d:20...
[10:28:15] бенд не найден — повтор через 5с
[10:28:20] ищу нейробенд (Bluetooth) addr~f7:14:0e:fe:9d:20...
[10:28:51] бенд не найден — повтор через 5с
[10:28:56] ищу нейробенд (Bluetooth) addr~f7:14:0e:fe:9d:20...
[10:29:27] бенд не найден — повтор через 5с
[10:29:32] ищу нейробенд (Bluetooth) addr~f7:14:0e:fe:9d:20...
